2020-01-15 12:26:23,971 INFO com.cg.rms.RmsApplication [restartedMain] Starting RmsApplication on DIN16004425 with PID 13072 (C:\Users\saurpotd\Documents\GitHub\PLP-Project\RMS\target\classes started by saurpotd in C:\Users\saurpotd\Documents\GitHub\PLP-Project\RMS)
2020-01-15 12:26:23,971 DEBUG com.cg.rms.RmsApplication [restartedMain] Running with Spring Boot v2.2.0.RELEASE, Spring v5.2.0.RELEASE
2020-01-15 12:26:23,971 INFO com.cg.rms.RmsApplication [restartedMain] The following profiles are active: production
2020-01-15 12:26:26,335 INFO com.cg.rms.RmsApplication [restartedMain] Started RmsApplication in 2.416 seconds (JVM running for 2749.017)
2020-01-15 12:26:39,781 INFO com.cg.rms.RmsApplication [restartedMain] Starting RmsApplication on DIN16004425 with PID 13072 (C:\Users\saurpotd\Documents\GitHub\PLP-Project\RMS\target\classes started by saurpotd in C:\Users\saurpotd\Documents\GitHub\PLP-Project\RMS)
2020-01-15 12:26:39,781 DEBUG com.cg.rms.RmsApplication [restartedMain] Running with Spring Boot v2.2.0.RELEASE, Spring v5.2.0.RELEASE
2020-01-15 12:26:39,781 INFO com.cg.rms.RmsApplication [restartedMain] The following profiles are active: production
2020-01-15 12:26:41,772 INFO com.cg.rms.RmsApplication [restartedMain] Started RmsApplication in 2.037 seconds (JVM running for 2764.459)
2020-01-15 12:26:48,968 INFO com.cg.rms.RmsApplication [restartedMain] Starting RmsApplication on DIN16004425 with PID 13072 (C:\Users\saurpotd\Documents\GitHub\PLP-Project\RMS\target\classes started by saurpotd in C:\Users\saurpotd\Documents\GitHub\PLP-Project\RMS)
2020-01-15 12:26:48,968 DEBUG com.cg.rms.RmsApplication [restartedMain] Running with Spring Boot v2.2.0.RELEASE, Spring v5.2.0.RELEASE
2020-01-15 12:26:48,968 INFO com.cg.rms.RmsApplication [restartedMain] The following profiles are active: production
2020-01-15 12:26:51,046 INFO com.cg.rms.RmsApplication [restartedMain] Started RmsApplication in 2.128 seconds (JVM running for 2773.734)
2020-01-15 12:26:53,884 INFO com.cg.rms.RmsApplication [restartedMain] Starting RmsApplication on DIN16004425 with PID 13072 (C:\Users\saurpotd\Documents\GitHub\PLP-Project\RMS\target\classes started by saurpotd in C:\Users\saurpotd\Documents\GitHub\PLP-Project\RMS)
2020-01-15 12:26:53,884 DEBUG com.cg.rms.RmsApplication [restartedMain] Running with Spring Boot v2.2.0.RELEASE, Spring v5.2.0.RELEASE
2020-01-15 12:26:53,884 INFO com.cg.rms.RmsApplication [restartedMain] The following profiles are active: production
2020-01-15 12:26:56,340 INFO com.cg.rms.RmsApplication [restartedMain] Started RmsApplication in 2.51 seconds (JVM running for 2779.022)
2020-01-15 12:27:21,645 ERROR org.apache.catalina.core.ContainerBase.[Tomcat-1].[localhost].[/].[dispatcherServlet] [http-nio-9088-exec-1] Servlet.service() for servlet [dispatcherServlet] in context with path [] threw exception [Request processing failed; nested exception is org.springframework.dao.InvalidDataAccessApiUsageException: Parameter value [1] did not match expected type [java.lang.Integer (n/a)]; nested exception is java.lang.IllegalArgumentException: Parameter value [1] did not match expected type [java.lang.Integer (n/a)]] with root cause
java.lang.IllegalArgumentException: Parameter value [1] did not match expected type [java.lang.Integer (n/a)]
	at org.hibernate.query.spi.QueryParameterBindingValidator.validate(QueryParameterBindingValidator.java:54)
	at org.hibernate.query.spi.QueryParameterBindingValidator.validate(QueryParameterBindingValidator.java:27)
	at org.hibernate.query.internal.QueryParameterBindingImpl.validate(QueryParameterBindingImpl.java:90)
	at org.hibernate.query.internal.QueryParameterBindingImpl.setBindValue(QueryParameterBindingImpl.java:55)
	at org.hibernate.query.internal.AbstractProducedQuery.setParameter(AbstractProducedQuery.java:489)
	at org.hibernate.query.internal.AbstractProducedQuery.setParameter(AbstractProducedQuery.java:110)
	at org.hibernate.query.criteria.internal.compile.CriteriaQueryTypeQueryAdapter.setParameter(CriteriaQueryTypeQueryAdapter.java:393)
	at org.hibernate.query.criteria.internal.compile.CriteriaQueryTypeQueryAdapter.setParameter(CriteriaQueryTypeQueryAdapter.java:61)
	at org.springframework.data.jpa.repository.query.QueryParameterSetter$BindableQuery.setParameter(QueryParameterSetter.java:319)
	at org.springframework.data.jpa.repository.query.QueryParameterSetter$NamedOrIndexedQueryParameterSetter.lambda$setParameter$3(QueryParameterSetter.java:116)
	at org.springframework.data.jpa.repository.query.QueryParameterSetter$ErrorHandling$1.execute(QueryParameterSetter.java:141)
	at org.springframework.data.jpa.repository.query.QueryParameterSetter$NamedOrIndexedQueryParameterSetter.setParameter(QueryParameterSetter.java:116)
	at org.springframework.data.jpa.repository.query.ParameterBinder.bind(ParameterBinder.java:82)
	at org.springframework.data.jpa.repository.query.ParameterBinder.bind(ParameterBinder.java:74)
	at org.springframework.data.jpa.repository.query.ParameterBinder.bindAndPrepare(ParameterBinder.java:95)
	at org.springframework.data.jpa.repository.query.PartTreeJpaQuery$QueryPreparer.invokeBinding(PartTreeJpaQuery.java:338)
	at org.springframework.data.jpa.repository.query.PartTreeJpaQuery$QueryPreparer.createQuery(PartTreeJpaQuery.java:257)
	at org.springframework.data.jpa.repository.query.PartTreeJpaQuery.doCreateQuery(PartTreeJpaQuery.java:113)
	at org.springframework.data.jpa.repository.query.AbstractJpaQuery.createQuery(AbstractJpaQuery.java:226)
	at org.springframework.data.jpa.repository.query.JpaQueryExecution$SingleEntityExecution.doExecute(JpaQueryExecution.java:196)
	at org.springframework.data.jpa.repository.query.JpaQueryExecution.execute(JpaQueryExecution.java:88)
	at org.springframework.data.jpa.repository.query.AbstractJpaQuery.doExecute(AbstractJpaQuery.java:154)
	at org.springframework.data.jpa.repository.query.AbstractJpaQuery.execute(AbstractJpaQuery.java:142)
	at org.springframework.data.repository.core.support.RepositoryFactorySupport$QueryExecutorMethodInterceptor.doInvoke(RepositoryFactorySupport.java:618)
	at org.springframework.data.repository.core.support.RepositoryFactorySupport$QueryExecutorMethodInterceptor.invoke(RepositoryFactorySupport.java:605)
	at org.springframework.aop.framework.ReflectiveMethodInvocation.proceed(ReflectiveMethodInvocation.java:186)
	at org.springframework.data.projection.DefaultMethodInvokingMethodInterceptor.invoke(DefaultMethodInvokingMethodInterceptor.java:80)
	at org.springframework.aop.framework.ReflectiveMethodInvocation.proceed(ReflectiveMethodInvocation.java:186)
	at org.springframework.transaction.interceptor.TransactionAspectSupport.invokeWithinTransaction(TransactionAspectSupport.java:353)
	at org.springframework.transaction.interceptor.TransactionInterceptor.invoke(TransactionInterceptor.java:99)
	at org.springframework.aop.framework.ReflectiveMethodInvocation.proceed(ReflectiveMethodInvocation.java:186)
	at org.springframework.dao.support.PersistenceExceptionTranslationInterceptor.invoke(PersistenceExceptionTranslationInterceptor.java:139)
	at org.springframework.aop.framework.ReflectiveMethodInvocation.proceed(ReflectiveMethodInvocation.java:186)
	at org.springframework.data.jpa.repository.support.CrudMethodMetadataPostProcessor$CrudMethodMetadataPopulatingMethodInterceptor.invoke(CrudMethodMetadataPostProcessor.java:149)
	at org.springframework.aop.framework.ReflectiveMethodInvocation.proceed(ReflectiveMethodInvocation.java:186)
	at org.springframework.aop.interceptor.ExposeInvocationInterceptor.invoke(ExposeInvocationInterceptor.java:93)
	at org.springframework.aop.framework.ReflectiveMethodInvocation.proceed(ReflectiveMethodInvocation.java:186)
	at org.springframework.aop.framework.JdkDynamicAopProxy.invoke(JdkDynamicAopProxy.java:212)
	at com.sun.proxy.$Proxy784.findByUserId(Unknown Source)
	at com.cg.rms.service.UserServiceImpl.searchUser(UserServiceImpl.java:182)
	at com.cg.rms.service.UserServiceImpl.storeFile(UserServiceImpl.java:231)
	at com.cg.rms.service.UserServiceImpl$$FastClassBySpringCGLIB$$594dd57e.invoke(<generated>)
	at org.springframework.cglib.proxy.MethodProxy.invoke(MethodProxy.java:218)
	at org.springframework.aop.framework.CglibAopProxy$CglibMethodInvocation.invokeJoinpoint(CglibAopProxy.java:769)
	at org.springframework.aop.framework.ReflectiveMethodInvocation.proceed(ReflectiveMethodInvocation.java:163)
	at org.springframework.aop.framework.CglibAopProxy$CglibMethodInvocation.proceed(CglibAopProxy.java:747)
	at org.springframework.transaction.interceptor.TransactionAspectSupport.invokeWithinTransaction(TransactionAspectSupport.java:353)
	at org.springframework.transaction.interceptor.TransactionInterceptor.invoke(TransactionInterceptor.java:99)
	at org.springframework.aop.framework.ReflectiveMethodInvocation.proceed(ReflectiveMethodInvocation.java:186)
	at org.springframework.aop.framework.CglibAopProxy$CglibMethodInvocation.proceed(CglibAopProxy.java:747)
	at org.springframework.aop.framework.CglibAopProxy$DynamicAdvisedInterceptor.intercept(CglibAopProxy.java:689)
	at com.cg.rms.service.UserServiceImpl$$EnhancerBySpringCGLIB$$7da6b9b.storeFile(<generated>)
	at com.cg.rms.controller.UserController.uploadFile(UserController.java:154)
	at sun.reflect.NativeMethodAccessorImpl.invoke0(Native Method)
	at sun.reflect.NativeMethodAccessorImpl.invoke(Unknown Source)
	at sun.reflect.DelegatingMethodAccessorImpl.invoke(Unknown Source)
	at java.lang.reflect.Method.invoke(Unknown Source)
	at org.springframework.web.method.support.InvocableHandlerMethod.doInvoke(InvocableHandlerMethod.java:190)
	at org.springframework.web.method.support.InvocableHandlerMethod.invokeForRequest(InvocableHandlerMethod.java:138)
	at org.springframework.web.servlet.mvc.method.annotation.ServletInvocableHandlerMethod.invokeAndHandle(ServletInvocableHandlerMethod.java:106)
	at org.springframework.web.servlet.mvc.method.annotation.RequestMappingHandlerAdapter.invokeHandlerMethod(RequestMappingHandlerAdapter.java:888)
	at org.springframework.web.servlet.mvc.method.annotation.RequestMappingHandlerAdapter.handleInternal(RequestMappingHandlerAdapter.java:793)
	at org.springframework.web.servlet.mvc.method.AbstractHandlerMethodAdapter.handle(AbstractHandlerMethodAdapter.java:87)
	at org.springframework.web.servlet.DispatcherServlet.doDispatch(DispatcherServlet.java:1040)
	at org.springframework.web.servlet.DispatcherServlet.doService(DispatcherServlet.java:943)
	at org.springframework.web.servlet.FrameworkServlet.processRequest(FrameworkServlet.java:1006)
	at org.springframework.web.servlet.FrameworkServlet.doPost(FrameworkServlet.java:909)
	at javax.servlet.http.HttpServlet.service(HttpServlet.java:660)
	at org.springframework.web.servlet.FrameworkServlet.service(FrameworkServlet.java:883)
	at javax.servlet.http.HttpServlet.service(HttpServlet.java:741)
	at org.apache.catalina.core.ApplicationFilterChain.internalDoFilter(ApplicationFilterChain.java:231)
	at org.apache.catalina.core.ApplicationFilterChain.doFilter(ApplicationFilterChain.java:166)
	at org.apache.tomcat.websocket.server.WsFilter.doFilter(WsFilter.java:53)
	at org.apache.catalina.core.ApplicationFilterChain.internalDoFilter(ApplicationFilterChain.java:193)
	at org.apache.catalina.core.ApplicationFilterChain.doFilter(ApplicationFilterChain.java:166)
	at org.springframework.web.filter.RequestContextFilter.doFilterInternal(RequestContextFilter.java:100)
	at org.springframework.web.filter.OncePerRequestFilter.doFilter(OncePerRequestFilter.java:119)
	at org.apache.catalina.core.ApplicationFilterChain.internalDoFilter(ApplicationFilterChain.java:193)
	at org.apache.catalina.core.ApplicationFilterChain.doFilter(ApplicationFilterChain.java:166)
	at org.springframework.web.filter.FormContentFilter.doFilterInternal(FormContentFilter.java:93)
	at org.springframework.web.filter.OncePerRequestFilter.doFilter(OncePerRequestFilter.java:119)
	at org.apache.catalina.core.ApplicationFilterChain.internalDoFilter(ApplicationFilterChain.java:193)
	at org.apache.catalina.core.ApplicationFilterChain.doFilter(ApplicationFilterChain.java:166)
	at org.springframework.web.filter.CharacterEncodingFilter.doFilterInternal(CharacterEncodingFilter.java:201)
	at org.springframework.web.filter.OncePerRequestFilter.doFilter(OncePerRequestFilter.java:119)
	at org.apache.catalina.core.ApplicationFilterChain.internalDoFilter(ApplicationFilterChain.java:193)
	at org.apache.catalina.core.ApplicationFilterChain.doFilter(ApplicationFilterChain.java:166)
	at org.apache.catalina.core.StandardWrapperValve.invoke(StandardWrapperValve.java:202)
	at org.apache.catalina.core.StandardContextValve.invoke(StandardContextValve.java:96)
	at org.apache.catalina.authenticator.AuthenticatorBase.invoke(AuthenticatorBase.java:526)
	at org.apache.catalina.core.StandardHostValve.invoke(StandardHostValve.java:139)
	at org.apache.catalina.valves.ErrorReportValve.invoke(ErrorReportValve.java:92)
	at org.apache.catalina.core.StandardEngineValve.invoke(StandardEngineValve.java:74)
	at org.apache.catalina.connector.CoyoteAdapter.service(CoyoteAdapter.java:343)
	at org.apache.coyote.http11.Http11Processor.service(Http11Processor.java:408)
	at org.apache.coyote.AbstractProcessorLight.process(AbstractProcessorLight.java:66)
	at org.apache.coyote.AbstractProtocol$ConnectionHandler.process(AbstractProtocol.java:861)
	at org.apache.tomcat.util.net.NioEndpoint$SocketProcessor.doRun(NioEndpoint.java:1579)
	at org.apache.tomcat.util.net.SocketProcessorBase.run(SocketProcessorBase.java:49)
	at java.util.concurrent.ThreadPoolExecutor.runWorker(Unknown Source)
	at java.util.concurrent.ThreadPoolExecutor$Worker.run(Unknown Source)
	at org.apache.tomcat.util.threads.TaskThread$WrappingRunnable.run(TaskThread.java:61)
	at java.lang.Thread.run(Unknown Source)
2020-01-15 12:27:46,144 ERROR org.apache.catalina.core.ContainerBase.[Tomcat-1].[localhost].[/].[dispatcherServlet] [http-nio-9088-exec-4] Servlet.service() for servlet [dispatcherServlet] in context with path [] threw exception [Request processing failed; nested exception is org.springframework.dao.InvalidDataAccessApiUsageException: Parameter value [2] did not match expected type [java.lang.Integer (n/a)]; nested exception is java.lang.IllegalArgumentException: Parameter value [2] did not match expected type [java.lang.Integer (n/a)]] with root cause
java.lang.IllegalArgumentException: Parameter value [2] did not match expected type [java.lang.Integer (n/a)]
	at org.hibernate.query.spi.QueryParameterBindingValidator.validate(QueryParameterBindingValidator.java:54)
	at org.hibernate.query.spi.QueryParameterBindingValidator.validate(QueryParameterBindingValidator.java:27)
	at org.hibernate.query.internal.QueryParameterBindingImpl.validate(QueryParameterBindingImpl.java:90)
	at org.hibernate.query.internal.QueryParameterBindingImpl.setBindValue(QueryParameterBindingImpl.java:55)
	at org.hibernate.query.internal.AbstractProducedQuery.setParameter(AbstractProducedQuery.java:489)
	at org.hibernate.query.internal.AbstractProducedQuery.setParameter(AbstractProducedQuery.java:110)
	at org.hibernate.query.criteria.internal.compile.CriteriaQueryTypeQueryAdapter.setParameter(CriteriaQueryTypeQueryAdapter.java:393)
	at org.hibernate.query.criteria.internal.compile.CriteriaQueryTypeQueryAdapter.setParameter(CriteriaQueryTypeQueryAdapter.java:61)
	at org.springframework.data.jpa.repository.query.QueryParameterSetter$BindableQuery.setParameter(QueryParameterSetter.java:319)
	at org.springframework.data.jpa.repository.query.QueryParameterSetter$NamedOrIndexedQueryParameterSetter.lambda$setParameter$3(QueryParameterSetter.java:116)
	at org.springframework.data.jpa.repository.query.QueryParameterSetter$ErrorHandling$1.execute(QueryParameterSetter.java:141)
	at org.springframework.data.jpa.repository.query.QueryParameterSetter$NamedOrIndexedQueryParameterSetter.setParameter(QueryParameterSetter.java:116)
	at org.springframework.data.jpa.repository.query.ParameterBinder.bind(ParameterBinder.java:82)
	at org.springframework.data.jpa.repository.query.ParameterBinder.bind(ParameterBinder.java:74)
	at org.springframework.data.jpa.repository.query.ParameterBinder.bindAndPrepare(ParameterBinder.java:95)
	at org.springframework.data.jpa.repository.query.PartTreeJpaQuery$QueryPreparer.invokeBinding(PartTreeJpaQuery.java:338)
	at org.springframework.data.jpa.repository.query.PartTreeJpaQuery$QueryPreparer.createQuery(PartTreeJpaQuery.java:257)
	at org.springframework.data.jpa.repository.query.PartTreeJpaQuery.doCreateQuery(PartTreeJpaQuery.java:113)
	at org.springframework.data.jpa.repository.query.AbstractJpaQuery.createQuery(AbstractJpaQuery.java:226)
	at org.springframework.data.jpa.repository.query.JpaQueryExecution$SingleEntityExecution.doExecute(JpaQueryExecution.java:196)
	at org.springframework.data.jpa.repository.query.JpaQueryExecution.execute(JpaQueryExecution.java:88)
	at org.springframework.data.jpa.repository.query.AbstractJpaQuery.doExecute(AbstractJpaQuery.java:154)
	at org.springframework.data.jpa.repository.query.AbstractJpaQuery.execute(AbstractJpaQuery.java:142)
	at org.springframework.data.repository.core.support.RepositoryFactorySupport$QueryExecutorMethodInterceptor.doInvoke(RepositoryFactorySupport.java:618)
	at org.springframework.data.repository.core.support.RepositoryFactorySupport$QueryExecutorMethodInterceptor.invoke(RepositoryFactorySupport.java:605)
	at org.springframework.aop.framework.ReflectiveMethodInvocation.proceed(ReflectiveMethodInvocation.java:186)
	at org.springframework.data.projection.DefaultMethodInvokingMethodInterceptor.invoke(DefaultMethodInvokingMethodInterceptor.java:80)
	at org.springframework.aop.framework.ReflectiveMethodInvocation.proceed(ReflectiveMethodInvocation.java:186)
	at org.springframework.transaction.interceptor.TransactionAspectSupport.invokeWithinTransaction(TransactionAspectSupport.java:353)
	at org.springframework.transaction.interceptor.TransactionInterceptor.invoke(TransactionInterceptor.java:99)
	at org.springframework.aop.framework.ReflectiveMethodInvocation.proceed(ReflectiveMethodInvocation.java:186)
	at org.springframework.dao.support.PersistenceExceptionTranslationInterceptor.invoke(PersistenceExceptionTranslationInterceptor.java:139)
	at org.springframework.aop.framework.ReflectiveMethodInvocation.proceed(ReflectiveMethodInvocation.java:186)
	at org.springframework.data.jpa.repository.support.CrudMethodMetadataPostProcessor$CrudMethodMetadataPopulatingMethodInterceptor.invoke(CrudMethodMetadataPostProcessor.java:149)
	at org.springframework.aop.framework.ReflectiveMethodInvocation.proceed(ReflectiveMethodInvocation.java:186)
	at org.springframework.aop.interceptor.ExposeInvocationInterceptor.invoke(ExposeInvocationInterceptor.java:93)
	at org.springframework.aop.framework.ReflectiveMethodInvocation.proceed(ReflectiveMethodInvocation.java:186)
	at org.springframework.aop.framework.JdkDynamicAopProxy.invoke(JdkDynamicAopProxy.java:212)
	at com.sun.proxy.$Proxy784.findByUserId(Unknown Source)
	at com.cg.rms.service.UserServiceImpl.searchUser(UserServiceImpl.java:182)
	at com.cg.rms.service.UserServiceImpl.storeFile(UserServiceImpl.java:231)
	at com.cg.rms.service.UserServiceImpl$$FastClassBySpringCGLIB$$594dd57e.invoke(<generated>)
	at org.springframework.cglib.proxy.MethodProxy.invoke(MethodProxy.java:218)
	at org.springframework.aop.framework.CglibAopProxy$CglibMethodInvocation.invokeJoinpoint(CglibAopProxy.java:769)
	at org.springframework.aop.framework.ReflectiveMethodInvocation.proceed(ReflectiveMethodInvocation.java:163)
	at org.springframework.aop.framework.CglibAopProxy$CglibMethodInvocation.proceed(CglibAopProxy.java:747)
	at org.springframework.transaction.interceptor.TransactionAspectSupport.invokeWithinTransaction(TransactionAspectSupport.java:353)
	at org.springframework.transaction.interceptor.TransactionInterceptor.invoke(TransactionInterceptor.java:99)
	at org.springframework.aop.framework.ReflectiveMethodInvocation.proceed(ReflectiveMethodInvocation.java:186)
	at org.springframework.aop.framework.CglibAopProxy$CglibMethodInvocation.proceed(CglibAopProxy.java:747)
	at org.springframework.aop.framework.CglibAopProxy$DynamicAdvisedInterceptor.intercept(CglibAopProxy.java:689)
	at com.cg.rms.service.UserServiceImpl$$EnhancerBySpringCGLIB$$7da6b9b.storeFile(<generated>)
	at com.cg.rms.controller.UserController.uploadFile(UserController.java:154)
	at sun.reflect.NativeMethodAccessorImpl.invoke0(Native Method)
	at sun.reflect.NativeMethodAccessorImpl.invoke(Unknown Source)
	at sun.reflect.DelegatingMethodAccessorImpl.invoke(Unknown Source)
	at java.lang.reflect.Method.invoke(Unknown Source)
	at org.springframework.web.method.support.InvocableHandlerMethod.doInvoke(InvocableHandlerMethod.java:190)
	at org.springframework.web.method.support.InvocableHandlerMethod.invokeForRequest(InvocableHandlerMethod.java:138)
	at org.springframework.web.servlet.mvc.method.annotation.ServletInvocableHandlerMethod.invokeAndHandle(ServletInvocableHandlerMethod.java:106)
	at org.springframework.web.servlet.mvc.method.annotation.RequestMappingHandlerAdapter.invokeHandlerMethod(RequestMappingHandlerAdapter.java:888)
	at org.springframework.web.servlet.mvc.method.annotation.RequestMappingHandlerAdapter.handleInternal(RequestMappingHandlerAdapter.java:793)
	at org.springframework.web.servlet.mvc.method.AbstractHandlerMethodAdapter.handle(AbstractHandlerMethodAdapter.java:87)
	at org.springframework.web.servlet.DispatcherServlet.doDispatch(DispatcherServlet.java:1040)
	at org.springframework.web.servlet.DispatcherServlet.doService(DispatcherServlet.java:943)
	at org.springframework.web.servlet.FrameworkServlet.processRequest(FrameworkServlet.java:1006)
	at org.springframework.web.servlet.FrameworkServlet.doPost(FrameworkServlet.java:909)
	at javax.servlet.http.HttpServlet.service(HttpServlet.java:660)
	at org.springframework.web.servlet.FrameworkServlet.service(FrameworkServlet.java:883)
	at javax.servlet.http.HttpServlet.service(HttpServlet.java:741)
	at org.apache.catalina.core.ApplicationFilterChain.internalDoFilter(ApplicationFilterChain.java:231)
	at org.apache.catalina.core.ApplicationFilterChain.doFilter(ApplicationFilterChain.java:166)
	at org.apache.tomcat.websocket.server.WsFilter.doFilter(WsFilter.java:53)
	at org.apache.catalina.core.ApplicationFilterChain.internalDoFilter(ApplicationFilterChain.java:193)
	at org.apache.catalina.core.ApplicationFilterChain.doFilter(ApplicationFilterChain.java:166)
	at org.springframework.web.filter.RequestContextFilter.doFilterInternal(RequestContextFilter.java:100)
	at org.springframework.web.filter.OncePerRequestFilter.doFilter(OncePerRequestFilter.java:119)
	at org.apache.catalina.core.ApplicationFilterChain.internalDoFilter(ApplicationFilterChain.java:193)
	at org.apache.catalina.core.ApplicationFilterChain.doFilter(ApplicationFilterChain.java:166)
	at org.springframework.web.filter.FormContentFilter.doFilterInternal(FormContentFilter.java:93)
	at org.springframework.web.filter.OncePerRequestFilter.doFilter(OncePerRequestFilter.java:119)
	at org.apache.catalina.core.ApplicationFilterChain.internalDoFilter(ApplicationFilterChain.java:193)
	at org.apache.catalina.core.ApplicationFilterChain.doFilter(ApplicationFilterChain.java:166)
	at org.springframework.web.filter.CharacterEncodingFilter.doFilterInternal(CharacterEncodingFilter.java:201)
	at org.springframework.web.filter.OncePerRequestFilter.doFilter(OncePerRequestFilter.java:119)
	at org.apache.catalina.core.ApplicationFilterChain.internalDoFilter(ApplicationFilterChain.java:193)
	at org.apache.catalina.core.ApplicationFilterChain.doFilter(ApplicationFilterChain.java:166)
	at org.apache.catalina.core.StandardWrapperValve.invoke(StandardWrapperValve.java:202)
	at org.apache.catalina.core.StandardContextValve.invoke(StandardContextValve.java:96)
	at org.apache.catalina.authenticator.AuthenticatorBase.invoke(AuthenticatorBase.java:526)
	at org.apache.catalina.core.StandardHostValve.invoke(StandardHostValve.java:139)
	at org.apache.catalina.valves.ErrorReportValve.invoke(ErrorReportValve.java:92)
	at org.apache.catalina.core.StandardEngineValve.invoke(StandardEngineValve.java:74)
	at org.apache.catalina.connector.CoyoteAdapter.service(CoyoteAdapter.java:343)
	at org.apache.coyote.http11.Http11Processor.service(Http11Processor.java:408)
	at org.apache.coyote.AbstractProcessorLight.process(AbstractProcessorLight.java:66)
	at org.apache.coyote.AbstractProtocol$ConnectionHandler.process(AbstractProtocol.java:861)
	at org.apache.tomcat.util.net.NioEndpoint$SocketProcessor.doRun(NioEndpoint.java:1579)
	at org.apache.tomcat.util.net.SocketProcessorBase.run(SocketProcessorBase.java:49)
	at java.util.concurrent.ThreadPoolExecutor.runWorker(Unknown Source)
	at java.util.concurrent.ThreadPoolExecutor$Worker.run(Unknown Source)
	at org.apache.tomcat.util.threads.TaskThread$WrappingRunnable.run(TaskThread.java:61)
	at java.lang.Thread.run(Unknown Source)
2020-01-15 12:28:11,708 INFO com.cg.rms.RmsApplication [restartedMain] Starting RmsApplication on DIN16004425 with PID 13072 (C:\Users\saurpotd\Documents\GitHub\PLP-Project\RMS\target\classes started by saurpotd in C:\Users\saurpotd\Documents\GitHub\PLP-Project\RMS)
2020-01-15 12:28:11,708 DEBUG com.cg.rms.RmsApplication [restartedMain] Running with Spring Boot v2.2.0.RELEASE, Spring v5.2.0.RELEASE
2020-01-15 12:28:11,708 INFO com.cg.rms.RmsApplication [restartedMain] The following profiles are active: production
2020-01-15 12:28:13,773 ERROR org.springframework.boot.diagnostics.LoggingFailureAnalysisReporter [restartedMain] 

***************************
APPLICATION FAILED TO START
***************************

Description:

Field companyRepository in com.cg.rms.service.CompanyServiceImpl required a bean of type 'com.cg.rms.repository.CompanyRepository' that could not be found.

The injection point has the following annotations:
	- @org.springframework.beans.factory.annotation.Autowired(required=true)


Action:

Consider defining a bean of type 'com.cg.rms.repository.CompanyRepository' in your configuration.

2020-01-15 12:29:09,871 INFO com.cg.rms.RmsApplication [restartedMain] Starting RmsApplication on DIN16004425 with PID 13072 (C:\Users\saurpotd\Documents\GitHub\PLP-Project\RMS\target\classes started by saurpotd in C:\Users\saurpotd\Documents\GitHub\PLP-Project\RMS)
2020-01-15 12:29:09,871 DEBUG com.cg.rms.RmsApplication [restartedMain] Running with Spring Boot v2.2.0.RELEASE, Spring v5.2.0.RELEASE
2020-01-15 12:29:09,871 INFO com.cg.rms.RmsApplication [restartedMain] The following profiles are active: production
2020-01-15 12:29:12,050 INFO com.cg.rms.RmsApplication [restartedMain] Started RmsApplication in 2.237 seconds (JVM running for 2914.733)
2020-01-15 12:29:20,300 INFO com.cg.rms.RmsApplication [restartedMain] Starting RmsApplication on DIN16004425 with PID 13072 (C:\Users\saurpotd\Documents\GitHub\PLP-Project\RMS\target\classes started by saurpotd in C:\Users\saurpotd\Documents\GitHub\PLP-Project\RMS)
2020-01-15 12:29:20,300 DEBUG com.cg.rms.RmsApplication [restartedMain] Running with Spring Boot v2.2.0.RELEASE, Spring v5.2.0.RELEASE
2020-01-15 12:29:20,300 INFO com.cg.rms.RmsApplication [restartedMain] The following profiles are active: production
2020-01-15 12:29:22,324 INFO com.cg.rms.RmsApplication [restartedMain] Started RmsApplication in 2.067 seconds (JVM running for 2925.005)
2020-01-15 12:29:38,201 TRACE com.cg.rms.service.UserServiceImpl [http-nio-9088-exec-2] User found with Id: 1
2020-01-15 12:29:38,279 TRACE com.cg.rms.service.UserServiceImpl [http-nio-9088-exec-2] File added to database
2020-01-15 12:29:58,594 TRACE com.cg.rms.service.UserServiceImpl [http-nio-9088-exec-3] User found with Id: 1
2020-01-15 12:29:58,595 TRACE com.cg.rms.service.UserServiceImpl [http-nio-9088-exec-3] File added to database
