2020-01-25 20:40:13,124 INFO com.cg.rms.RmsApplication [restartedMain] Starting RmsApplication on Saurabh with PID 276 (C:\Users\saura\Documents\GitHub\RMS\RMS\target\classes started by saura in C:\Users\saura\Documents\GitHub\RMS\RMS)
2020-01-25 20:40:13,127 DEBUG com.cg.rms.RmsApplication [restartedMain] Running with Spring Boot v2.2.0.RELEASE, Spring v5.2.0.RELEASE
2020-01-25 20:40:13,127 INFO com.cg.rms.RmsApplication [restartedMain] The following profiles are active: production
2020-01-25 20:40:16,213 INFO com.cg.rms.RmsApplication [restartedMain] Started RmsApplication in 3.433 seconds (JVM running for 4.112)
2020-01-25 20:42:17,244 TRACE com.cg.rms.service.UserServiceImpl [http-nio-9088-exec-2] Registering user in service
2020-01-25 20:42:17,249 TRACE com.cg.rms.controller.UserController [http-nio-9088-exec-2] Registering company
2020-01-25 20:42:27,608 TRACE com.cg.rms.controller.AdminController [http-nio-9088-exec-3] Checking if credentials are valid
2020-01-25 20:42:43,836 TRACE com.cg.rms.service.UserServiceImpl [http-nio-9088-exec-4] User found with Id: 5
2020-01-25 20:42:43,842 TRACE com.cg.rms.service.UserServiceImpl [http-nio-9088-exec-4] File added to database
2020-01-25 20:43:34,154 TRACE com.cg.rms.service.UserServiceImpl [http-nio-9088-exec-5] User found with Id: 5
2020-01-25 20:44:02,989 TRACE com.cg.rms.service.UserServiceImpl [http-nio-9088-exec-6] User found with Id: 5
2020-01-25 20:45:01,793 TRACE com.cg.rms.service.UserServiceImpl [http-nio-9088-exec-7] User found with Id: 5
2020-01-25 20:45:06,199 TRACE com.cg.rms.service.UserServiceImpl [http-nio-9088-exec-8] User found with Id: 5
2020-01-25 20:45:06,202 TRACE com.cg.rms.service.UserServiceImpl [http-nio-9088-exec-8] Job found with Id: 1
2020-01-25 20:45:06,202 TRACE com.cg.rms.service.UserServiceImpl [http-nio-9088-exec-8] Updated user list in service
2020-01-25 20:45:06,208 TRACE com.cg.rms.service.UserServiceImpl [http-nio-9088-exec-8] Updated job list in service
2020-01-25 20:45:06,208 TRACE com.cg.rms.service.UserServiceImpl [http-nio-9088-exec-8] Saved user in service
2020-01-25 20:45:06,214 TRACE com.cg.rms.controller.UserController [http-nio-9088-exec-8] User: 5 successfully applied for job: 1
2020-01-25 20:45:12,410 TRACE com.cg.rms.service.UserServiceImpl [http-nio-9088-exec-9] User found with Id: 5
2020-01-25 20:46:41,181 TRACE com.cg.rms.service.UserServiceImpl [http-nio-9088-exec-1] User found with Id: 5
2020-01-25 20:46:46,923 TRACE com.cg.rms.service.UserServiceImpl [http-nio-9088-exec-2] User found with Id: 5
2020-01-25 20:46:57,519 TRACE com.cg.rms.service.UserServiceImpl [http-nio-9088-exec-3] User found with Id: 5
2020-01-25 20:53:52,095 TRACE com.cg.rms.service.UserServiceImpl [http-nio-9088-exec-9] User found with Id: 1
2020-01-25 20:53:52,096 TRACE com.cg.rms.service.UserServiceImpl [http-nio-9088-exec-9] File added to database
2020-01-25 20:55:48,534 INFO com.cg.rms.RmsApplication [restartedMain] Starting RmsApplication on Saurabh with PID 276 (C:\Users\saura\Documents\GitHub\RMS\RMS\target\classes started by saura in C:\Users\saura\Documents\GitHub\RMS\RMS)
2020-01-25 20:55:48,534 DEBUG com.cg.rms.RmsApplication [restartedMain] Running with Spring Boot v2.2.0.RELEASE, Spring v5.2.0.RELEASE
2020-01-25 20:55:48,535 INFO com.cg.rms.RmsApplication [restartedMain] The following profiles are active: production
2020-01-25 20:55:49,393 INFO com.cg.rms.RmsApplication [restartedMain] Started RmsApplication in 0.892 seconds (JVM running for 937.293)
2020-01-25 20:56:03,176 INFO com.cg.rms.RmsApplication [restartedMain] Starting RmsApplication on Saurabh with PID 276 (C:\Users\saura\Documents\GitHub\RMS\RMS\target\classes started by saura in C:\Users\saura\Documents\GitHub\RMS\RMS)
2020-01-25 20:56:03,176 DEBUG com.cg.rms.RmsApplication [restartedMain] Running with Spring Boot v2.2.0.RELEASE, Spring v5.2.0.RELEASE
2020-01-25 20:56:03,176 INFO com.cg.rms.RmsApplication [restartedMain] The following profiles are active: production
2020-01-25 20:56:03,933 INFO com.cg.rms.RmsApplication [restartedMain] Started RmsApplication in 0.784 seconds (JVM running for 951.832)
2020-01-25 20:56:25,777 INFO com.cg.rms.RmsApplication [restartedMain] Starting RmsApplication on Saurabh with PID 276 (C:\Users\saura\Documents\GitHub\RMS\RMS\target\classes started by saura in C:\Users\saura\Documents\GitHub\RMS\RMS)
2020-01-25 20:56:25,777 DEBUG com.cg.rms.RmsApplication [restartedMain] Running with Spring Boot v2.2.0.RELEASE, Spring v5.2.0.RELEASE
2020-01-25 20:56:25,777 INFO com.cg.rms.RmsApplication [restartedMain] The following profiles are active: production
2020-01-25 20:56:26,492 INFO com.cg.rms.RmsApplication [restartedMain] Started RmsApplication in 0.741 seconds (JVM running for 974.391)
2020-01-25 20:56:37,646 INFO com.cg.rms.RmsApplication [restartedMain] Starting RmsApplication on Saurabh with PID 276 (C:\Users\saura\Documents\GitHub\RMS\RMS\target\classes started by saura in C:\Users\saura\Documents\GitHub\RMS\RMS)
2020-01-25 20:56:37,646 DEBUG com.cg.rms.RmsApplication [restartedMain] Running with Spring Boot v2.2.0.RELEASE, Spring v5.2.0.RELEASE
2020-01-25 20:56:37,646 INFO com.cg.rms.RmsApplication [restartedMain] The following profiles are active: production
2020-01-25 20:56:38,391 INFO com.cg.rms.RmsApplication [restartedMain] Started RmsApplication in 0.77 seconds (JVM running for 986.29)
2020-01-25 20:56:51,136 INFO com.cg.rms.RmsApplication [restartedMain] Starting RmsApplication on Saurabh with PID 276 (C:\Users\saura\Documents\GitHub\RMS\RMS\target\classes started by saura in C:\Users\saura\Documents\GitHub\RMS\RMS)
2020-01-25 20:56:51,136 DEBUG com.cg.rms.RmsApplication [restartedMain] Running with Spring Boot v2.2.0.RELEASE, Spring v5.2.0.RELEASE
2020-01-25 20:56:51,136 INFO com.cg.rms.RmsApplication [restartedMain] The following profiles are active: production
2020-01-25 20:56:51,810 INFO com.cg.rms.RmsApplication [restartedMain] Started RmsApplication in 0.699 seconds (JVM running for 999.71)
2020-01-25 20:57:46,850 INFO com.cg.rms.RmsApplication [restartedMain] Starting RmsApplication on Saurabh with PID 276 (C:\Users\saura\Documents\GitHub\RMS\RMS\target\classes started by saura in C:\Users\saura\Documents\GitHub\RMS\RMS)
2020-01-25 20:57:46,850 DEBUG com.cg.rms.RmsApplication [restartedMain] Running with Spring Boot v2.2.0.RELEASE, Spring v5.2.0.RELEASE
2020-01-25 20:57:46,850 INFO com.cg.rms.RmsApplication [restartedMain] The following profiles are active: production
2020-01-25 20:57:47,556 INFO com.cg.rms.RmsApplication [restartedMain] Started RmsApplication in 0.732 seconds (JVM running for 1055.455)
2020-01-25 20:58:32,465 INFO com.cg.rms.RmsApplication [restartedMain] Starting RmsApplication on Saurabh with PID 276 (C:\Users\saura\Documents\GitHub\RMS\RMS\target\classes started by saura in C:\Users\saura\Documents\GitHub\RMS\RMS)
2020-01-25 20:58:32,465 DEBUG com.cg.rms.RmsApplication [restartedMain] Running with Spring Boot v2.2.0.RELEASE, Spring v5.2.0.RELEASE
2020-01-25 20:58:32,465 INFO com.cg.rms.RmsApplication [restartedMain] The following profiles are active: production
2020-01-25 20:58:33,232 INFO com.cg.rms.RmsApplication [restartedMain] Started RmsApplication in 0.791 seconds (JVM running for 1101.132)
2020-01-25 20:59:01,134 INFO com.cg.rms.RmsApplication [restartedMain] Starting RmsApplication on Saurabh with PID 276 (C:\Users\saura\Documents\GitHub\RMS\RMS\target\classes started by saura in C:\Users\saura\Documents\GitHub\RMS\RMS)
2020-01-25 20:59:01,134 DEBUG com.cg.rms.RmsApplication [restartedMain] Running with Spring Boot v2.2.0.RELEASE, Spring v5.2.0.RELEASE
2020-01-25 20:59:01,134 INFO com.cg.rms.RmsApplication [restartedMain] The following profiles are active: production
2020-01-25 20:59:01,841 INFO com.cg.rms.RmsApplication [restartedMain] Started RmsApplication in 0.729 seconds (JVM running for 1129.741)
2020-01-25 20:59:25,663 INFO com.cg.rms.RmsApplication [restartedMain] Starting RmsApplication on Saurabh with PID 276 (C:\Users\saura\Documents\GitHub\RMS\RMS\target\classes started by saura in C:\Users\saura\Documents\GitHub\RMS\RMS)
2020-01-25 20:59:25,663 DEBUG com.cg.rms.RmsApplication [restartedMain] Running with Spring Boot v2.2.0.RELEASE, Spring v5.2.0.RELEASE
2020-01-25 20:59:25,664 INFO com.cg.rms.RmsApplication [restartedMain] The following profiles are active: production
2020-01-25 20:59:26,346 INFO com.cg.rms.RmsApplication [restartedMain] Started RmsApplication in 0.708 seconds (JVM running for 1154.246)
2020-01-25 20:59:35,045 INFO com.cg.rms.RmsApplication [restartedMain] Starting RmsApplication on Saurabh with PID 276 (C:\Users\saura\Documents\GitHub\RMS\RMS\target\classes started by saura in C:\Users\saura\Documents\GitHub\RMS\RMS)
2020-01-25 20:59:35,045 DEBUG com.cg.rms.RmsApplication [restartedMain] Running with Spring Boot v2.2.0.RELEASE, Spring v5.2.0.RELEASE
2020-01-25 20:59:35,045 INFO com.cg.rms.RmsApplication [restartedMain] The following profiles are active: production
2020-01-25 20:59:35,724 INFO com.cg.rms.RmsApplication [restartedMain] Started RmsApplication in 0.7 seconds (JVM running for 1163.623)
2020-01-25 21:00:57,847 INFO com.cg.rms.RmsApplication [restartedMain] Starting RmsApplication on Saurabh with PID 276 (C:\Users\saura\Documents\GitHub\RMS\RMS\target\classes started by saura in C:\Users\saura\Documents\GitHub\RMS\RMS)
2020-01-25 21:00:57,848 DEBUG com.cg.rms.RmsApplication [restartedMain] Running with Spring Boot v2.2.0.RELEASE, Spring v5.2.0.RELEASE
2020-01-25 21:00:57,848 INFO com.cg.rms.RmsApplication [restartedMain] The following profiles are active: production
2020-01-25 21:00:58,540 INFO com.cg.rms.RmsApplication [restartedMain] Started RmsApplication in 0.715 seconds (JVM running for 1246.44)
2020-01-25 21:03:01,940 INFO com.cg.rms.RmsApplication [restartedMain] Starting RmsApplication on Saurabh with PID 276 (C:\Users\saura\Documents\GitHub\RMS\RMS\target\classes started by saura in C:\Users\saura\Documents\GitHub\RMS\RMS)
2020-01-25 21:03:01,940 DEBUG com.cg.rms.RmsApplication [restartedMain] Running with Spring Boot v2.2.0.RELEASE, Spring v5.2.0.RELEASE
2020-01-25 21:03:01,940 INFO com.cg.rms.RmsApplication [restartedMain] The following profiles are active: production
2020-01-25 21:03:02,650 INFO com.cg.rms.RmsApplication [restartedMain] Started RmsApplication in 0.734 seconds (JVM running for 1370.55)
2020-01-25 21:04:02,675 INFO com.cg.rms.RmsApplication [restartedMain] Starting RmsApplication on Saurabh with PID 276 (C:\Users\saura\Documents\GitHub\RMS\RMS\target\classes started by saura in C:\Users\saura\Documents\GitHub\RMS\RMS)
2020-01-25 21:04:02,675 DEBUG com.cg.rms.RmsApplication [restartedMain] Running with Spring Boot v2.2.0.RELEASE, Spring v5.2.0.RELEASE
2020-01-25 21:04:02,675 INFO com.cg.rms.RmsApplication [restartedMain] The following profiles are active: production
2020-01-25 21:04:03,333 INFO com.cg.rms.RmsApplication [restartedMain] Started RmsApplication in 0.681 seconds (JVM running for 1431.233)
2020-01-25 21:05:03,310 INFO com.cg.rms.RmsApplication [restartedMain] Starting RmsApplication on Saurabh with PID 276 (C:\Users\saura\Documents\GitHub\RMS\RMS\target\classes started by saura in C:\Users\saura\Documents\GitHub\RMS\RMS)
2020-01-25 21:05:03,310 DEBUG com.cg.rms.RmsApplication [restartedMain] Running with Spring Boot v2.2.0.RELEASE, Spring v5.2.0.RELEASE
2020-01-25 21:05:03,310 INFO com.cg.rms.RmsApplication [restartedMain] The following profiles are active: production
2020-01-25 21:05:03,956 INFO com.cg.rms.RmsApplication [restartedMain] Started RmsApplication in 0.668 seconds (JVM running for 1491.856)
2020-01-25 21:05:34,779 INFO com.cg.rms.RmsApplication [restartedMain] Starting RmsApplication on Saurabh with PID 276 (C:\Users\saura\Documents\GitHub\RMS\RMS\target\classes started by saura in C:\Users\saura\Documents\GitHub\RMS\RMS)
2020-01-25 21:05:34,779 DEBUG com.cg.rms.RmsApplication [restartedMain] Running with Spring Boot v2.2.0.RELEASE, Spring v5.2.0.RELEASE
2020-01-25 21:05:34,780 INFO com.cg.rms.RmsApplication [restartedMain] The following profiles are active: production
2020-01-25 21:05:35,498 INFO com.cg.rms.RmsApplication [restartedMain] Started RmsApplication in 0.746 seconds (JVM running for 1523.398)
2020-01-25 21:05:47,333 INFO com.cg.rms.RmsApplication [restartedMain] Starting RmsApplication on Saurabh with PID 276 (C:\Users\saura\Documents\GitHub\RMS\RMS\target\classes started by saura in C:\Users\saura\Documents\GitHub\RMS\RMS)
2020-01-25 21:05:47,333 DEBUG com.cg.rms.RmsApplication [restartedMain] Running with Spring Boot v2.2.0.RELEASE, Spring v5.2.0.RELEASE
2020-01-25 21:05:47,333 INFO com.cg.rms.RmsApplication [restartedMain] The following profiles are active: production
2020-01-25 21:05:47,969 INFO com.cg.rms.RmsApplication [restartedMain] Started RmsApplication in 0.662 seconds (JVM running for 1535.869)
2020-01-25 21:05:51,629 INFO com.cg.rms.RmsApplication [restartedMain] Starting RmsApplication on Saurabh with PID 276 (C:\Users\saura\Documents\GitHub\RMS\RMS\target\classes started by saura in C:\Users\saura\Documents\GitHub\RMS\RMS)
2020-01-25 21:05:51,629 DEBUG com.cg.rms.RmsApplication [restartedMain] Running with Spring Boot v2.2.0.RELEASE, Spring v5.2.0.RELEASE
2020-01-25 21:05:51,630 INFO com.cg.rms.RmsApplication [restartedMain] The following profiles are active: production
2020-01-25 21:05:52,251 INFO com.cg.rms.RmsApplication [restartedMain] Started RmsApplication in 0.642 seconds (JVM running for 1540.15)
2020-01-25 21:06:56,697 INFO com.cg.rms.RmsApplication [restartedMain] Starting RmsApplication on Saurabh with PID 276 (C:\Users\saura\Documents\GitHub\RMS\RMS\target\classes started by saura in C:\Users\saura\Documents\GitHub\RMS\RMS)
2020-01-25 21:06:56,698 DEBUG com.cg.rms.RmsApplication [restartedMain] Running with Spring Boot v2.2.0.RELEASE, Spring v5.2.0.RELEASE
2020-01-25 21:06:56,698 INFO com.cg.rms.RmsApplication [restartedMain] The following profiles are active: production
2020-01-25 21:06:57,200 ERROR org.springframework.boot.SpringApplication [restartedMain] Application run failed
org.springframework.beans.factory.UnsatisfiedDependencyException: Error creating bean with name 'adminController': Unsatisfied dependency expressed through field 'companyService'; nested exception is org.springframework.beans.factory.BeanCreationException: Error creating bean with name 'companyServiceImpl' defined in file [C:\Users\saura\Documents\GitHub\RMS\RMS\target\classes\com\cg\rms\service\CompanyServiceImpl.class]: Instantiation of bean failed; nested exception is org.springframework.beans.BeanInstantiationException: Failed to instantiate [com.cg.rms.service.CompanyServiceImpl]: Constructor threw exception; nested exception is java.lang.Error: Unresolved compilation problems: 
	DatabaseFileRepository cannot be resolved to a type
	DatabaseFileRepository cannot be resolved to a type

	at org.springframework.beans.factory.annotation.AutowiredAnnotationBeanPostProcessor$AutowiredFieldElement.inject(AutowiredAnnotationBeanPostProcessor.java:639)
	at org.springframework.beans.factory.annotation.InjectionMetadata.inject(InjectionMetadata.java:116)
	at org.springframework.beans.factory.annotation.AutowiredAnnotationBeanPostProcessor.postProcessProperties(AutowiredAnnotationBeanPostProcessor.java:397)
	at org.springframework.beans.factory.support.AbstractAutowireCapableBeanFactory.populateBean(AbstractAutowireCapableBeanFactory.java:1429)
	at org.springframework.beans.factory.support.AbstractAutowireCapableBeanFactory.doCreateBean(AbstractAutowireCapableBeanFactory.java:594)
	at org.springframework.beans.factory.support.AbstractAutowireCapableBeanFactory.createBean(AbstractAutowireCapableBeanFactory.java:517)
	at org.springframework.beans.factory.support.AbstractBeanFactory.lambda$doGetBean$0(AbstractBeanFactory.java:323)
	at org.springframework.beans.factory.support.DefaultSingletonBeanRegistry.getSingleton(DefaultSingletonBeanRegistry.java:222)
	at org.springframework.beans.factory.support.AbstractBeanFactory.doGetBean(AbstractBeanFactory.java:321)
	at org.springframework.beans.factory.support.AbstractBeanFactory.getBean(AbstractBeanFactory.java:202)
	at org.springframework.beans.factory.support.DefaultListableBeanFactory.preInstantiateSingletons(DefaultListableBeanFactory.java:879)
	at org.springframework.context.support.AbstractApplicationContext.finishBeanFactoryInitialization(AbstractApplicationContext.java:878)
	at org.springframework.context.support.AbstractApplicationContext.refresh(AbstractApplicationContext.java:550)
	at org.springframework.boot.web.servlet.context.ServletWebServerApplicationContext.refresh(ServletWebServerApplicationContext.java:141)
	at org.springframework.boot.SpringApplication.refresh(SpringApplication.java:747)
	at org.springframework.boot.SpringApplication.refreshContext(SpringApplication.java:397)
	at org.springframework.boot.SpringApplication.run(SpringApplication.java:315)
	at org.springframework.boot.SpringApplication.run(SpringApplication.java:1226)
	at org.springframework.boot.SpringApplication.run(SpringApplication.java:1215)
	at com.cg.rms.RmsApplication.main(RmsApplication.java:10)
	at sun.reflect.NativeMethodAccessorImpl.invoke0(Native Method)
	at sun.reflect.NativeMethodAccessorImpl.invoke(NativeMethodAccessorImpl.java:62)
	at sun.reflect.DelegatingMethodAccessorImpl.invoke(DelegatingMethodAccessorImpl.java:43)
	at java.lang.reflect.Method.invoke(Method.java:498)
	at org.springframework.boot.devtools.restart.RestartLauncher.run(RestartLauncher.java:49)
Caused by: org.springframework.beans.factory.BeanCreationException: Error creating bean with name 'companyServiceImpl' defined in file [C:\Users\saura\Documents\GitHub\RMS\RMS\target\classes\com\cg\rms\service\CompanyServiceImpl.class]: Instantiation of bean failed; nested exception is org.springframework.beans.BeanInstantiationException: Failed to instantiate [com.cg.rms.service.CompanyServiceImpl]: Constructor threw exception; nested exception is java.lang.Error: Unresolved compilation problems: 
	DatabaseFileRepository cannot be resolved to a type
	DatabaseFileRepository cannot be resolved to a type

	at org.springframework.beans.factory.support.AbstractAutowireCapableBeanFactory.instantiateBean(AbstractAutowireCapableBeanFactory.java:1320)
	at org.springframework.beans.factory.support.AbstractAutowireCapableBeanFactory.createBeanInstance(AbstractAutowireCapableBeanFactory.java:1214)
	at org.springframework.beans.factory.support.AbstractAutowireCapableBeanFactory.doCreateBean(AbstractAutowireCapableBeanFactory.java:557)
	at org.springframework.beans.factory.support.AbstractAutowireCapableBeanFactory.createBean(AbstractAutowireCapableBeanFactory.java:517)
	at org.springframework.beans.factory.support.AbstractBeanFactory.lambda$doGetBean$0(AbstractBeanFactory.java:323)
	at org.springframework.beans.factory.support.DefaultSingletonBeanRegistry.getSingleton(DefaultSingletonBeanRegistry.java:222)
	at org.springframework.beans.factory.support.AbstractBeanFactory.doGetBean(AbstractBeanFactory.java:321)
	at org.springframework.beans.factory.support.AbstractBeanFactory.getBean(AbstractBeanFactory.java:202)
	at org.springframework.beans.factory.config.DependencyDescriptor.resolveCandidate(DependencyDescriptor.java:276)
	at org.springframework.beans.factory.support.DefaultListableBeanFactory.doResolveDependency(DefaultListableBeanFactory.java:1287)
	at org.springframework.beans.factory.support.DefaultListableBeanFactory.resolveDependency(DefaultListableBeanFactory.java:1207)
	at org.springframework.beans.factory.annotation.AutowiredAnnotationBeanPostProcessor$AutowiredFieldElement.inject(AutowiredAnnotationBeanPostProcessor.java:636)
	... 24 common frames omitted
Caused by: org.springframework.beans.BeanInstantiationException: Failed to instantiate [com.cg.rms.service.CompanyServiceImpl]: Constructor threw exception; nested exception is java.lang.Error: Unresolved compilation problems: 
	DatabaseFileRepository cannot be resolved to a type
	DatabaseFileRepository cannot be resolved to a type

	at org.springframework.beans.BeanUtils.instantiateClass(BeanUtils.java:213)
	at org.springframework.beans.factory.support.SimpleInstantiationStrategy.instantiate(SimpleInstantiationStrategy.java:87)
	at org.springframework.beans.factory.support.AbstractAutowireCapableBeanFactory.instantiateBean(AbstractAutowireCapableBeanFactory.java:1312)
	... 35 common frames omitted
Caused by: java.lang.Error: Unresolved compilation problems: 
	DatabaseFileRepository cannot be resolved to a type
	DatabaseFileRepository cannot be resolved to a type

	at com.cg.rms.service.CompanyServiceImpl.<init>(CompanyServiceImpl.java:46)
	at sun.reflect.NativeConstructorAccessorImpl.newInstance0(Native Method)
	at sun.reflect.NativeConstructorAccessorImpl.newInstance(NativeConstructorAccessorImpl.java:62)
	at sun.reflect.DelegatingConstructorAccessorImpl.newInstance(DelegatingConstructorAccessorImpl.java:45)
	at java.lang.reflect.Constructor.newInstance(Constructor.java:423)
	at org.springframework.beans.BeanUtils.instantiateClass(BeanUtils.java:200)
	... 37 common frames omitted
2020-01-25 21:07:00,664 INFO com.cg.rms.RmsApplication [restartedMain] Starting RmsApplication on Saurabh with PID 276 (C:\Users\saura\Documents\GitHub\RMS\RMS\target\classes started by saura in C:\Users\saura\Documents\GitHub\RMS\RMS)
2020-01-25 21:07:00,665 DEBUG com.cg.rms.RmsApplication [restartedMain] Running with Spring Boot v2.2.0.RELEASE, Spring v5.2.0.RELEASE
2020-01-25 21:07:00,665 INFO com.cg.rms.RmsApplication [restartedMain] The following profiles are active: production
2020-01-25 21:07:01,380 INFO com.cg.rms.RmsApplication [restartedMain] Started RmsApplication in 0.747 seconds (JVM running for 1609.279)
2020-01-25 21:07:26,209 INFO com.cg.rms.RmsApplication [restartedMain] Starting RmsApplication on Saurabh with PID 276 (C:\Users\saura\Documents\GitHub\RMS\RMS\target\classes started by saura in C:\Users\saura\Documents\GitHub\RMS\RMS)
2020-01-25 21:07:26,209 DEBUG com.cg.rms.RmsApplication [restartedMain] Running with Spring Boot v2.2.0.RELEASE, Spring v5.2.0.RELEASE
2020-01-25 21:07:26,209 INFO com.cg.rms.RmsApplication [restartedMain] The following profiles are active: production
2020-01-25 21:07:26,851 INFO com.cg.rms.RmsApplication [restartedMain] Started RmsApplication in 0.664 seconds (JVM running for 1634.75)
2020-01-25 21:09:08,082 INFO com.cg.rms.RmsApplication [restartedMain] Starting RmsApplication on Saurabh with PID 276 (C:\Users\saura\Documents\GitHub\RMS\RMS\target\classes started by saura in C:\Users\saura\Documents\GitHub\RMS\RMS)
2020-01-25 21:09:08,082 DEBUG com.cg.rms.RmsApplication [restartedMain] Running with Spring Boot v2.2.0.RELEASE, Spring v5.2.0.RELEASE
2020-01-25 21:09:08,082 INFO com.cg.rms.RmsApplication [restartedMain] The following profiles are active: production
2020-01-25 21:09:08,826 INFO com.cg.rms.RmsApplication [restartedMain] Started RmsApplication in 0.763 seconds (JVM running for 1736.725)
2020-01-25 21:09:10,222 TRACE com.cg.rms.service.CompanyServiceImpl [http-nio-9088-exec-3] File added to database
2020-01-25 22:06:23,056 TRACE com.cg.rms.service.UserServiceImpl [http-nio-9088-exec-4] User found with Id: 5
2020-01-25 23:51:55,009 INFO com.cg.rms.RmsApplication [restartedMain] Starting RmsApplication on Saurabh with PID 16540 (C:\Users\saura\Documents\GitHub\RMS\RMS\target\classes started by saura in C:\Users\saura\Documents\GitHub\RMS\RMS)
2020-01-25 23:51:55,011 DEBUG com.cg.rms.RmsApplication [restartedMain] Running with Spring Boot v2.2.0.RELEASE, Spring v5.2.0.RELEASE
2020-01-25 23:51:55,011 INFO com.cg.rms.RmsApplication [restartedMain] The following profiles are active: production
2020-01-25 23:51:57,879 INFO com.cg.rms.RmsApplication [restartedMain] Started RmsApplication in 3.148 seconds (JVM running for 3.785)
2020-01-25 23:52:38,957 INFO com.cg.rms.RmsApplication [restartedMain] Starting RmsApplication on Saurabh with PID 16540 (C:\Users\saura\Documents\GitHub\RMS\RMS\target\classes started by saura in C:\Users\saura\Documents\GitHub\RMS\RMS)
2020-01-25 23:52:38,957 DEBUG com.cg.rms.RmsApplication [restartedMain] Running with Spring Boot v2.2.0.RELEASE, Spring v5.2.0.RELEASE
2020-01-25 23:52:38,957 INFO com.cg.rms.RmsApplication [restartedMain] The following profiles are active: production
2020-01-25 23:52:39,692 INFO com.cg.rms.RmsApplication [restartedMain] Started RmsApplication in 0.761 seconds (JVM running for 45.597)
2020-01-25 23:52:43,391 INFO com.cg.rms.RmsApplication [restartedMain] Starting RmsApplication on Saurabh with PID 16540 (C:\Users\saura\Documents\GitHub\RMS\RMS\target\classes started by saura in C:\Users\saura\Documents\GitHub\RMS\RMS)
2020-01-25 23:52:43,392 DEBUG com.cg.rms.RmsApplication [restartedMain] Running with Spring Boot v2.2.0.RELEASE, Spring v5.2.0.RELEASE
2020-01-25 23:52:43,392 INFO com.cg.rms.RmsApplication [restartedMain] The following profiles are active: production
2020-01-25 23:52:44,093 INFO com.cg.rms.RmsApplication [restartedMain] Started RmsApplication in 0.726 seconds (JVM running for 49.998)
2020-01-25 23:52:48,817 INFO com.cg.rms.RmsApplication [restartedMain] Starting RmsApplication on Saurabh with PID 16540 (C:\Users\saura\Documents\GitHub\RMS\RMS\target\classes started by saura in C:\Users\saura\Documents\GitHub\RMS\RMS)
2020-01-25 23:52:48,817 DEBUG com.cg.rms.RmsApplication [restartedMain] Running with Spring Boot v2.2.0.RELEASE, Spring v5.2.0.RELEASE
2020-01-25 23:52:48,817 INFO com.cg.rms.RmsApplication [restartedMain] The following profiles are active: production
2020-01-25 23:52:49,490 INFO com.cg.rms.RmsApplication [restartedMain] Started RmsApplication in 0.697 seconds (JVM running for 55.396)
2020-01-25 23:52:56,212 INFO com.cg.rms.RmsApplication [restartedMain] Starting RmsApplication on Saurabh with PID 16540 (C:\Users\saura\Documents\GitHub\RMS\RMS\target\classes started by saura in C:\Users\saura\Documents\GitHub\RMS\RMS)
2020-01-25 23:52:56,213 DEBUG com.cg.rms.RmsApplication [restartedMain] Running with Spring Boot v2.2.0.RELEASE, Spring v5.2.0.RELEASE
2020-01-25 23:52:56,213 INFO com.cg.rms.RmsApplication [restartedMain] The following profiles are active: production
2020-01-25 23:52:56,881 INFO com.cg.rms.RmsApplication [restartedMain] Started RmsApplication in 0.691 seconds (JVM running for 62.787)
2020-01-25 23:53:04,570 INFO com.cg.rms.RmsApplication [restartedMain] Starting RmsApplication on Saurabh with PID 16540 (C:\Users\saura\Documents\GitHub\RMS\RMS\target\classes started by saura in C:\Users\saura\Documents\GitHub\RMS\RMS)
2020-01-25 23:53:04,570 DEBUG com.cg.rms.RmsApplication [restartedMain] Running with Spring Boot v2.2.0.RELEASE, Spring v5.2.0.RELEASE
2020-01-25 23:53:04,570 INFO com.cg.rms.RmsApplication [restartedMain] The following profiles are active: production
2020-01-25 23:53:05,224 INFO com.cg.rms.RmsApplication [restartedMain] Started RmsApplication in 0.676 seconds (JVM running for 71.129)
2020-01-25 23:53:09,923 INFO com.cg.rms.RmsApplication [restartedMain] Starting RmsApplication on Saurabh with PID 16540 (C:\Users\saura\Documents\GitHub\RMS\RMS\target\classes started by saura in C:\Users\saura\Documents\GitHub\RMS\RMS)
2020-01-25 23:53:09,923 DEBUG com.cg.rms.RmsApplication [restartedMain] Running with Spring Boot v2.2.0.RELEASE, Spring v5.2.0.RELEASE
2020-01-25 23:53:09,923 INFO com.cg.rms.RmsApplication [restartedMain] The following profiles are active: production
2020-01-25 23:53:10,561 INFO com.cg.rms.RmsApplication [restartedMain] Started RmsApplication in 0.661 seconds (JVM running for 76.467)
2020-01-25 23:54:39,740 INFO com.cg.rms.RmsApplication [restartedMain] Starting RmsApplication on Saurabh with PID 16540 (C:\Users\saura\Documents\GitHub\RMS\RMS\target\classes started by saura in C:\Users\saura\Documents\GitHub\RMS\RMS)
2020-01-25 23:54:39,741 DEBUG com.cg.rms.RmsApplication [restartedMain] Running with Spring Boot v2.2.0.RELEASE, Spring v5.2.0.RELEASE
2020-01-25 23:54:39,741 INFO com.cg.rms.RmsApplication [restartedMain] The following profiles are active: production
2020-01-25 23:54:40,405 INFO com.cg.rms.RmsApplication [restartedMain] Started RmsApplication in 0.688 seconds (JVM running for 166.31)
2020-01-25 23:55:05,247 INFO com.cg.rms.RmsApplication [restartedMain] Starting RmsApplication on Saurabh with PID 16540 (C:\Users\saura\Documents\GitHub\RMS\RMS\target\classes started by saura in C:\Users\saura\Documents\GitHub\RMS\RMS)
2020-01-25 23:55:05,248 DEBUG com.cg.rms.RmsApplication [restartedMain] Running with Spring Boot v2.2.0.RELEASE, Spring v5.2.0.RELEASE
2020-01-25 23:55:05,248 INFO com.cg.rms.RmsApplication [restartedMain] The following profiles are active: production
2020-01-25 23:55:05,873 INFO com.cg.rms.RmsApplication [restartedMain] Started RmsApplication in 0.65 seconds (JVM running for 191.778)
