2019-11-11 11:56:43,504 INFO com.cg.rms.RmsApplication [restartedMain] Starting RmsApplication on DESKTOP-6APMHP4 with PID 9880 (C:\Users\Admin\Documents\GitHub\PLP-Project\RMS\target\classes started by Admin in C:\Users\Admin\Documents\GitHub\PLP-Project\RMS)
2019-11-11 11:56:43,509 DEBUG com.cg.rms.RmsApplication [restartedMain] Running with Spring Boot v2.2.0.RELEASE, Spring v5.2.0.RELEASE
2019-11-11 11:56:43,509 INFO com.cg.rms.RmsApplication [restartedMain] The following profiles are active: production
2019-11-11 11:56:45,376 ERROR org.springframework.boot.SpringApplication [restartedMain] Application run failed
org.springframework.beans.factory.BeanCreationException: Error creating bean with name 'entityManagerFactory' defined in class path resource [org/springframework/boot/autoconfigure/orm/jpa/HibernateJpaConfiguration.class]: Invocation of init method failed; nested exception is org.hibernate.AnnotationException: @Column(s) not allowed on a @OneToOne property: com.cg.rms.dto.User.createdDate
	at org.springframework.beans.factory.support.AbstractAutowireCapableBeanFactory.initializeBean(AbstractAutowireCapableBeanFactory.java:1803)
	at org.springframework.beans.factory.support.AbstractAutowireCapableBeanFactory.doCreateBean(AbstractAutowireCapableBeanFactory.java:595)
	at org.springframework.beans.factory.support.AbstractAutowireCapableBeanFactory.createBean(AbstractAutowireCapableBeanFactory.java:517)
	at org.springframework.beans.factory.support.AbstractBeanFactory.lambda$doGetBean$0(AbstractBeanFactory.java:323)
	at org.springframework.beans.factory.support.DefaultSingletonBeanRegistry.getSingleton(DefaultSingletonBeanRegistry.java:222)
	at org.springframework.beans.factory.support.AbstractBeanFactory.doGetBean(AbstractBeanFactory.java:321)
	at org.springframework.beans.factory.support.AbstractBeanFactory.getBean(AbstractBeanFactory.java:202)
	at org.springframework.context.support.AbstractApplicationContext.getBean(AbstractApplicationContext.java:1108)
	at org.springframework.context.support.AbstractApplicationContext.finishBeanFactoryInitialization(AbstractApplicationContext.java:868)
	at org.springframework.context.support.AbstractApplicationContext.refresh(AbstractApplicationContext.java:550)
	at org.springframework.boot.web.servlet.context.ServletWebServerApplicationContext.refresh(ServletWebServerApplicationContext.java:141)
	at org.springframework.boot.SpringApplication.refresh(SpringApplication.java:747)
	at org.springframework.boot.SpringApplication.refreshContext(SpringApplication.java:397)
	at org.springframework.boot.SpringApplication.run(SpringApplication.java:315)
	at org.springframework.boot.SpringApplication.run(SpringApplication.java:1226)
	at org.springframework.boot.SpringApplication.run(SpringApplication.java:1215)
	at com.cg.rms.RmsApplication.main(RmsApplication.java:10)
	at sun.reflect.NativeMethodAccessorImpl.invoke0(Native Method)
	at sun.reflect.NativeMethodAccessorImpl.invoke(NativeMethodAccessorImpl.java:62)
	at sun.reflect.DelegatingMethodAccessorImpl.invoke(DelegatingMethodAccessorImpl.java:43)
	at java.lang.reflect.Method.invoke(Method.java:498)
	at org.springframework.boot.devtools.restart.RestartLauncher.run(RestartLauncher.java:49)
Caused by: org.hibernate.AnnotationException: @Column(s) not allowed on a @OneToOne property: com.cg.rms.dto.User.createdDate
	at org.hibernate.cfg.AnnotationBinder.processElementAnnotations(AnnotationBinder.java:1812)
	at org.hibernate.cfg.AnnotationBinder.processIdPropertiesIfNotAlready(AnnotationBinder.java:975)
	at org.hibernate.cfg.AnnotationBinder.bindClass(AnnotationBinder.java:802)
	at org.hibernate.boot.model.source.internal.annotations.AnnotationMetadataSourceProcessorImpl.processEntityHierarchies(AnnotationMetadataSourceProcessorImpl.java:254)
	at org.hibernate.boot.model.process.spi.MetadataBuildingProcess$1.processEntityHierarchies(MetadataBuildingProcess.java:230)
	at org.hibernate.boot.model.process.spi.MetadataBuildingProcess.complete(MetadataBuildingProcess.java:273)
	at org.hibernate.jpa.boot.internal.EntityManagerFactoryBuilderImpl.metadata(EntityManagerFactoryBuilderImpl.java:900)
	at org.hibernate.jpa.boot.internal.EntityManagerFactoryBuilderImpl.build(EntityManagerFactoryBuilderImpl.java:931)
	at org.springframework.orm.jpa.vendor.SpringHibernateJpaPersistenceProvider.createContainerEntityManagerFactory(SpringHibernateJpaPersistenceProvider.java:58)
	at org.springframework.orm.jpa.LocalContainerEntityManagerFactoryBean.createNativeEntityManagerFactory(LocalContainerEntityManagerFactoryBean.java:365)
	at org.springframework.orm.jpa.AbstractEntityManagerFactoryBean.buildNativeEntityManagerFactory(AbstractEntityManagerFactoryBean.java:391)
	at org.springframework.orm.jpa.AbstractEntityManagerFactoryBean.afterPropertiesSet(AbstractEntityManagerFactoryBean.java:378)
	at org.springframework.orm.jpa.LocalContainerEntityManagerFactoryBean.afterPropertiesSet(LocalContainerEntityManagerFactoryBean.java:341)
	at org.springframework.beans.factory.support.AbstractAutowireCapableBeanFactory.invokeInitMethods(AbstractAutowireCapableBeanFactory.java:1862)
	at org.springframework.beans.factory.support.AbstractAutowireCapableBeanFactory.initializeBean(AbstractAutowireCapableBeanFactory.java:1799)
	... 21 common frames omitted
2019-11-11 11:57:57,700 INFO com.cg.rms.RmsApplication [restartedMain] Starting RmsApplication on DESKTOP-6APMHP4 with PID 4856 (C:\Users\Admin\Documents\GitHub\PLP-Project\RMS\target\classes started by Admin in C:\Users\Admin\Documents\GitHub\PLP-Project\RMS)
2019-11-11 11:57:57,702 DEBUG com.cg.rms.RmsApplication [restartedMain] Running with Spring Boot v2.2.0.RELEASE, Spring v5.2.0.RELEASE
2019-11-11 11:57:57,702 INFO com.cg.rms.RmsApplication [restartedMain] The following profiles are active: production
2019-11-11 11:58:01,458 INFO com.cg.rms.RmsApplication [restartedMain] Started RmsApplication in 4.083 seconds (JVM running for 4.597)
2019-11-11 11:58:23,385 TRACE com.cg.rms.service.CompanyServiceImpl [http-nio-9088-exec-2] Registering company
2019-11-11 11:58:23,392 TRACE com.cg.rms.dto.controller.CompanyController [http-nio-9088-exec-2] Registered company
2019-11-11 11:59:25,333 ERROR com.cg.rms.dto.controller.CompanyController [http-nio-9088-exec-4] Caught validation exception in company/register Controller
2019-11-11 11:59:58,413 ERROR com.cg.rms.dto.controller.CompanyController [http-nio-9088-exec-5] Caught validation exception in company/register Controller
2019-11-11 12:08:34,393 ERROR com.cg.rms.dto.controller.CompanyController [http-nio-9088-exec-6] Caught validation exception in company/register Controller
2019-11-11 12:10:29,478 INFO com.cg.rms.RmsApplication [restartedMain] Starting RmsApplication on DESKTOP-6APMHP4 with PID 4856 (C:\Users\Admin\Documents\GitHub\PLP-Project\RMS\target\classes started by Admin in C:\Users\Admin\Documents\GitHub\PLP-Project\RMS)
2019-11-11 12:10:29,478 DEBUG com.cg.rms.RmsApplication [restartedMain] Running with Spring Boot v2.2.0.RELEASE, Spring v5.2.0.RELEASE
2019-11-11 12:10:29,478 INFO com.cg.rms.RmsApplication [restartedMain] The following profiles are active: production
2019-11-11 12:10:30,420 INFO com.cg.rms.RmsApplication [restartedMain] Started RmsApplication in 0.975 seconds (JVM running for 753.559)
2019-11-11 12:10:57,142 INFO com.cg.rms.RmsApplication [restartedMain] Starting RmsApplication on DESKTOP-6APMHP4 with PID 4856 (C:\Users\Admin\Documents\GitHub\PLP-Project\RMS\target\classes started by Admin in C:\Users\Admin\Documents\GitHub\PLP-Project\RMS)
2019-11-11 12:10:57,142 DEBUG com.cg.rms.RmsApplication [restartedMain] Running with Spring Boot v2.2.0.RELEASE, Spring v5.2.0.RELEASE
2019-11-11 12:10:57,142 INFO com.cg.rms.RmsApplication [restartedMain] The following profiles are active: production
2019-11-11 12:10:58,112 INFO com.cg.rms.RmsApplication [restartedMain] Started RmsApplication in 1.001 seconds (JVM running for 781.251)
2019-11-11 12:11:58,115 ERROR com.cg.rms.dto.controller.CompanyController [http-nio-9088-exec-1] Caught validation exception in company/register Controller
2019-11-11 12:13:58,774 TRACE com.cg.rms.service.UserServiceImpl [http-nio-9088-exec-3] Registering user in service
2019-11-11 12:13:58,775 TRACE com.cg.rms.dto.controller.UserController [http-nio-9088-exec-3] Registering company
2019-11-11 12:14:12,130 ERROR com.cg.rms.dto.controller.CompanyController [http-nio-9088-exec-4] Caught validation exception in company/register Controller
2019-11-11 12:17:09,578 TRACE com.cg.rms.service.CompanyServiceImpl [http-nio-9088-exec-6] Registering company
2019-11-11 12:17:09,579 TRACE com.cg.rms.dto.controller.CompanyController [http-nio-9088-exec-6] Registered company
2019-11-11 12:26:38,414 ERROR com.cg.rms.dto.controller.CompanyController [http-nio-9088-exec-8] Caught validation exception in company/register Controller
2019-11-11 12:27:55,110 TRACE com.cg.rms.service.CompanyServiceImpl [http-nio-9088-exec-9] Registering company
2019-11-11 12:27:55,111 TRACE com.cg.rms.dto.controller.CompanyController [http-nio-9088-exec-9] Registered company
2019-11-11 12:38:16,497 TRACE com.cg.rms.service.CompanyServiceImpl [http-nio-9088-exec-2] Registering company
2019-11-11 12:38:16,498 TRACE com.cg.rms.dto.controller.CompanyController [http-nio-9088-exec-2] Registered company
2019-11-11 13:07:27,722 ERROR com.cg.rms.dto.controller.UserController [http-nio-9088-exec-5] Caught validation exception in company/register Controller
2019-11-11 13:16:20,215 ERROR com.cg.rms.dto.controller.UserController [http-nio-9088-exec-6] Caught validation exception in company/register Controller
2019-11-11 13:17:01,880 INFO com.cg.rms.RmsApplication [restartedMain] Starting RmsApplication on DESKTOP-6APMHP4 with PID 4856 (C:\Users\Admin\Documents\GitHub\PLP-Project\RMS\target\classes started by Admin in C:\Users\Admin\Documents\GitHub\PLP-Project\RMS)
2019-11-11 13:17:01,880 DEBUG com.cg.rms.RmsApplication [restartedMain] Running with Spring Boot v2.2.0.RELEASE, Spring v5.2.0.RELEASE
2019-11-11 13:17:01,880 INFO com.cg.rms.RmsApplication [restartedMain] The following profiles are active: production
2019-11-11 13:17:02,725 INFO com.cg.rms.RmsApplication [restartedMain] Started RmsApplication in 0.873 seconds (JVM running for 4745.863)
2019-11-11 13:17:05,932 ERROR com.cg.rms.dto.controller.UserController [http-nio-9088-exec-1] Caught validation exception in company/register Controller
2019-11-11 13:17:35,478 INFO com.cg.rms.RmsApplication [restartedMain] Starting RmsApplication on DESKTOP-6APMHP4 with PID 4856 (C:\Users\Admin\Documents\GitHub\PLP-Project\RMS\target\classes started by Admin in C:\Users\Admin\Documents\GitHub\PLP-Project\RMS)
2019-11-11 13:17:35,478 DEBUG com.cg.rms.RmsApplication [restartedMain] Running with Spring Boot v2.2.0.RELEASE, Spring v5.2.0.RELEASE
2019-11-11 13:17:35,478 INFO com.cg.rms.RmsApplication [restartedMain] The following profiles are active: production
2019-11-11 13:17:36,279 INFO com.cg.rms.RmsApplication [restartedMain] Started RmsApplication in 0.828 seconds (JVM running for 4779.418)
2019-11-11 13:17:44,283 ERROR com.cg.rms.dto.controller.UserController [http-nio-9088-exec-1] Caught validation exception in company/register Controller
2019-11-11 19:31:22,530 INFO com.cg.rms.RmsApplication [restartedMain] Starting RmsApplication on Saurabh with PID 21636 (C:\Users\saura\Documents\GitHub\PLP-Project\RMS\target\classes started by saura in C:\Users\saura\Documents\GitHub\PLP-Project\RMS)
2019-11-11 19:31:22,532 DEBUG com.cg.rms.RmsApplication [restartedMain] Running with Spring Boot v2.2.0.RELEASE, Spring v5.2.0.RELEASE
2019-11-11 19:31:22,532 INFO com.cg.rms.RmsApplication [restartedMain] The following profiles are active: production
2019-11-11 19:31:24,531 ERROR com.zaxxer.hikari.pool.HikariPool [restartedMain] HikariPool-1 - Exception during pool initialization.
java.sql.SQLSyntaxErrorException: Unknown database 'rmsdb'
	at com.mysql.cj.jdbc.exceptions.SQLError.createSQLException(SQLError.java:120)
	at com.mysql.cj.jdbc.exceptions.SQLError.createSQLException(SQLError.java:97)
	at com.mysql.cj.jdbc.exceptions.SQLExceptionsMapping.translateException(SQLExceptionsMapping.java:122)
	at com.mysql.cj.jdbc.ConnectionImpl.createNewIO(ConnectionImpl.java:836)
	at com.mysql.cj.jdbc.ConnectionImpl.<init>(ConnectionImpl.java:456)
	at com.mysql.cj.jdbc.ConnectionImpl.getInstance(ConnectionImpl.java:246)
	at com.mysql.cj.jdbc.NonRegisteringDriver.connect(NonRegisteringDriver.java:199)
	at com.zaxxer.hikari.util.DriverDataSource.getConnection(DriverDataSource.java:138)
	at com.zaxxer.hikari.pool.PoolBase.newConnection(PoolBase.java:353)
	at com.zaxxer.hikari.pool.PoolBase.newPoolEntry(PoolBase.java:201)
	at com.zaxxer.hikari.pool.HikariPool.createPoolEntry(HikariPool.java:473)
	at com.zaxxer.hikari.pool.HikariPool.checkFailFast(HikariPool.java:562)
	at com.zaxxer.hikari.pool.HikariPool.<init>(HikariPool.java:115)
	at com.zaxxer.hikari.HikariDataSource.getConnection(HikariDataSource.java:112)
	at org.hibernate.engine.jdbc.connections.internal.DatasourceConnectionProviderImpl.getConnection(DatasourceConnectionProviderImpl.java:122)
	at org.hibernate.engine.jdbc.env.internal.JdbcEnvironmentInitiator$ConnectionProviderJdbcConnectionAccess.obtainConnection(JdbcEnvironmentInitiator.java:180)
	at org.hibernate.engine.jdbc.env.internal.JdbcEnvironmentInitiator.initiateService(JdbcEnvironmentInitiator.java:68)
	at org.hibernate.engine.jdbc.env.internal.JdbcEnvironmentInitiator.initiateService(JdbcEnvironmentInitiator.java:35)
	at org.hibernate.boot.registry.internal.StandardServiceRegistryImpl.initiateService(StandardServiceRegistryImpl.java:101)
	at org.hibernate.service.internal.AbstractServiceRegistryImpl.createService(AbstractServiceRegistryImpl.java:263)
	at org.hibernate.service.internal.AbstractServiceRegistryImpl.initializeService(AbstractServiceRegistryImpl.java:237)
	at org.hibernate.service.internal.AbstractServiceRegistryImpl.getService(AbstractServiceRegistryImpl.java:214)
	at org.hibernate.id.factory.internal.DefaultIdentifierGeneratorFactory.injectServices(DefaultIdentifierGeneratorFactory.java:152)
	at org.hibernate.service.internal.AbstractServiceRegistryImpl.injectDependencies(AbstractServiceRegistryImpl.java:286)
	at org.hibernate.service.internal.AbstractServiceRegistryImpl.initializeService(AbstractServiceRegistryImpl.java:243)
	at org.hibernate.service.internal.AbstractServiceRegistryImpl.getService(AbstractServiceRegistryImpl.java:214)
	at org.hibernate.boot.internal.InFlightMetadataCollectorImpl.<init>(InFlightMetadataCollectorImpl.java:175)
	at org.hibernate.boot.model.process.spi.MetadataBuildingProcess.complete(MetadataBuildingProcess.java:118)
	at org.hibernate.jpa.boot.internal.EntityManagerFactoryBuilderImpl.metadata(EntityManagerFactoryBuilderImpl.java:900)
	at org.hibernate.jpa.boot.internal.EntityManagerFactoryBuilderImpl.build(EntityManagerFactoryBuilderImpl.java:931)
	at org.springframework.orm.jpa.vendor.SpringHibernateJpaPersistenceProvider.createContainerEntityManagerFactory(SpringHibernateJpaPersistenceProvider.java:58)
	at org.springframework.orm.jpa.LocalContainerEntityManagerFactoryBean.createNativeEntityManagerFactory(LocalContainerEntityManagerFactoryBean.java:365)
	at org.springframework.orm.jpa.AbstractEntityManagerFactoryBean.buildNativeEntityManagerFactory(AbstractEntityManagerFactoryBean.java:391)
	at org.springframework.orm.jpa.AbstractEntityManagerFactoryBean.afterPropertiesSet(AbstractEntityManagerFactoryBean.java:378)
	at org.springframework.orm.jpa.LocalContainerEntityManagerFactoryBean.afterPropertiesSet(LocalContainerEntityManagerFactoryBean.java:341)
	at org.springframework.beans.factory.support.AbstractAutowireCapableBeanFactory.invokeInitMethods(AbstractAutowireCapableBeanFactory.java:1862)
	at org.springframework.beans.factory.support.AbstractAutowireCapableBeanFactory.initializeBean(AbstractAutowireCapableBeanFactory.java:1799)
	at org.springframework.beans.factory.support.AbstractAutowireCapableBeanFactory.doCreateBean(AbstractAutowireCapableBeanFactory.java:595)
	at org.springframework.beans.factory.support.AbstractAutowireCapableBeanFactory.createBean(AbstractAutowireCapableBeanFactory.java:517)
	at org.springframework.beans.factory.support.AbstractBeanFactory.lambda$doGetBean$0(AbstractBeanFactory.java:323)
	at org.springframework.beans.factory.support.DefaultSingletonBeanRegistry.getSingleton(DefaultSingletonBeanRegistry.java:222)
	at org.springframework.beans.factory.support.AbstractBeanFactory.doGetBean(AbstractBeanFactory.java:321)
	at org.springframework.beans.factory.support.AbstractBeanFactory.getBean(AbstractBeanFactory.java:202)
	at org.springframework.context.support.AbstractApplicationContext.getBean(AbstractApplicationContext.java:1108)
	at org.springframework.context.support.AbstractApplicationContext.finishBeanFactoryInitialization(AbstractApplicationContext.java:868)
	at org.springframework.context.support.AbstractApplicationContext.refresh(AbstractApplicationContext.java:550)
	at org.springframework.boot.web.servlet.context.ServletWebServerApplicationContext.refresh(ServletWebServerApplicationContext.java:141)
	at org.springframework.boot.SpringApplication.refresh(SpringApplication.java:747)
	at org.springframework.boot.SpringApplication.refreshContext(SpringApplication.java:397)
	at org.springframework.boot.SpringApplication.run(SpringApplication.java:315)
	at org.springframework.boot.SpringApplication.run(SpringApplication.java:1226)
	at org.springframework.boot.SpringApplication.run(SpringApplication.java:1215)
	at com.cg.rms.RmsApplication.main(RmsApplication.java:10)
	at sun.reflect.NativeMethodAccessorImpl.invoke0(Native Method)
	at sun.reflect.NativeMethodAccessorImpl.invoke(Unknown Source)
	at sun.reflect.DelegatingMethodAccessorImpl.invoke(Unknown Source)
	at java.lang.reflect.Method.invoke(Unknown Source)
	at org.springframework.boot.devtools.restart.RestartLauncher.run(RestartLauncher.java:49)
2019-11-11 19:31:25,137 ERROR com.zaxxer.hikari.pool.HikariPool [restartedMain] HikariPool-1 - Exception during pool initialization.
java.sql.SQLSyntaxErrorException: Unknown database 'rmsdb'
	at com.mysql.cj.jdbc.exceptions.SQLError.createSQLException(SQLError.java:120)
	at com.mysql.cj.jdbc.exceptions.SQLError.createSQLException(SQLError.java:97)
	at com.mysql.cj.jdbc.exceptions.SQLExceptionsMapping.translateException(SQLExceptionsMapping.java:122)
	at com.mysql.cj.jdbc.ConnectionImpl.createNewIO(ConnectionImpl.java:836)
	at com.mysql.cj.jdbc.ConnectionImpl.<init>(ConnectionImpl.java:456)
	at com.mysql.cj.jdbc.ConnectionImpl.getInstance(ConnectionImpl.java:246)
	at com.mysql.cj.jdbc.NonRegisteringDriver.connect(NonRegisteringDriver.java:199)
	at com.zaxxer.hikari.util.DriverDataSource.getConnection(DriverDataSource.java:138)
	at com.zaxxer.hikari.pool.PoolBase.newConnection(PoolBase.java:353)
	at com.zaxxer.hikari.pool.PoolBase.newPoolEntry(PoolBase.java:201)
	at com.zaxxer.hikari.pool.HikariPool.createPoolEntry(HikariPool.java:473)
	at com.zaxxer.hikari.pool.HikariPool.checkFailFast(HikariPool.java:562)
	at com.zaxxer.hikari.pool.HikariPool.<init>(HikariPool.java:115)
	at com.zaxxer.hikari.HikariDataSource.getConnection(HikariDataSource.java:112)
	at org.hibernate.engine.jdbc.connections.internal.DatasourceConnectionProviderImpl.getConnection(DatasourceConnectionProviderImpl.java:122)
	at org.hibernate.engine.jdbc.env.internal.JdbcEnvironmentInitiator$ConnectionProviderJdbcConnectionAccess.obtainConnection(JdbcEnvironmentInitiator.java:180)
	at org.hibernate.resource.transaction.backend.jdbc.internal.DdlTransactionIsolatorNonJtaImpl.getIsolatedConnection(DdlTransactionIsolatorNonJtaImpl.java:43)
	at org.hibernate.tool.schema.internal.exec.ImprovedExtractionContextImpl.getJdbcConnection(ImprovedExtractionContextImpl.java:60)
	at org.hibernate.tool.schema.internal.exec.ImprovedExtractionContextImpl.getJdbcDatabaseMetaData(ImprovedExtractionContextImpl.java:67)
	at org.hibernate.tool.schema.extract.internal.InformationExtractorJdbcDatabaseMetaDataImpl.getTables(InformationExtractorJdbcDatabaseMetaDataImpl.java:333)
	at org.hibernate.tool.schema.extract.internal.DatabaseInformationImpl.getTablesInformation(DatabaseInformationImpl.java:120)
	at org.hibernate.tool.schema.internal.GroupedSchemaMigratorImpl.performTablesMigration(GroupedSchemaMigratorImpl.java:65)
	at org.hibernate.tool.schema.internal.AbstractSchemaMigrator.performMigration(AbstractSchemaMigrator.java:207)
	at org.hibernate.tool.schema.internal.AbstractSchemaMigrator.doMigration(AbstractSchemaMigrator.java:114)
	at org.hibernate.tool.schema.spi.SchemaManagementToolCoordinator.performDatabaseAction(SchemaManagementToolCoordinator.java:184)
	at org.hibernate.tool.schema.spi.SchemaManagementToolCoordinator.process(SchemaManagementToolCoordinator.java:73)
	at org.hibernate.internal.SessionFactoryImpl.<init>(SessionFactoryImpl.java:320)
	at org.hibernate.boot.internal.SessionFactoryBuilderImpl.build(SessionFactoryBuilderImpl.java:462)
	at org.hibernate.jpa.boot.internal.EntityManagerFactoryBuilderImpl.build(EntityManagerFactoryBuilderImpl.java:935)
	at org.springframework.orm.jpa.vendor.SpringHibernateJpaPersistenceProvider.createContainerEntityManagerFactory(SpringHibernateJpaPersistenceProvider.java:58)
	at org.springframework.orm.jpa.LocalContainerEntityManagerFactoryBean.createNativeEntityManagerFactory(LocalContainerEntityManagerFactoryBean.java:365)
	at org.springframework.orm.jpa.AbstractEntityManagerFactoryBean.buildNativeEntityManagerFactory(AbstractEntityManagerFactoryBean.java:391)
	at org.springframework.orm.jpa.AbstractEntityManagerFactoryBean.afterPropertiesSet(AbstractEntityManagerFactoryBean.java:378)
	at org.springframework.orm.jpa.LocalContainerEntityManagerFactoryBean.afterPropertiesSet(LocalContainerEntityManagerFactoryBean.java:341)
	at org.springframework.beans.factory.support.AbstractAutowireCapableBeanFactory.invokeInitMethods(AbstractAutowireCapableBeanFactory.java:1862)
	at org.springframework.beans.factory.support.AbstractAutowireCapableBeanFactory.initializeBean(AbstractAutowireCapableBeanFactory.java:1799)
	at org.springframework.beans.factory.support.AbstractAutowireCapableBeanFactory.doCreateBean(AbstractAutowireCapableBeanFactory.java:595)
	at org.springframework.beans.factory.support.AbstractAutowireCapableBeanFactory.createBean(AbstractAutowireCapableBeanFactory.java:517)
	at org.springframework.beans.factory.support.AbstractBeanFactory.lambda$doGetBean$0(AbstractBeanFactory.java:323)
	at org.springframework.beans.factory.support.DefaultSingletonBeanRegistry.getSingleton(DefaultSingletonBeanRegistry.java:222)
	at org.springframework.beans.factory.support.AbstractBeanFactory.doGetBean(AbstractBeanFactory.java:321)
	at org.springframework.beans.factory.support.AbstractBeanFactory.getBean(AbstractBeanFactory.java:202)
	at org.springframework.context.support.AbstractApplicationContext.getBean(AbstractApplicationContext.java:1108)
	at org.springframework.context.support.AbstractApplicationContext.finishBeanFactoryInitialization(AbstractApplicationContext.java:868)
	at org.springframework.context.support.AbstractApplicationContext.refresh(AbstractApplicationContext.java:550)
	at org.springframework.boot.web.servlet.context.ServletWebServerApplicationContext.refresh(ServletWebServerApplicationContext.java:141)
	at org.springframework.boot.SpringApplication.refresh(SpringApplication.java:747)
	at org.springframework.boot.SpringApplication.refreshContext(SpringApplication.java:397)
	at org.springframework.boot.SpringApplication.run(SpringApplication.java:315)
	at org.springframework.boot.SpringApplication.run(SpringApplication.java:1226)
	at org.springframework.boot.SpringApplication.run(SpringApplication.java:1215)
	at com.cg.rms.RmsApplication.main(RmsApplication.java:10)
	at sun.reflect.NativeMethodAccessorImpl.invoke0(Native Method)
	at sun.reflect.NativeMethodAccessorImpl.invoke(Unknown Source)
	at sun.reflect.DelegatingMethodAccessorImpl.invoke(Unknown Source)
	at java.lang.reflect.Method.invoke(Unknown Source)
	at org.springframework.boot.devtools.restart.RestartLauncher.run(RestartLauncher.java:49)
2019-11-11 19:31:25,137 ERROR org.hibernate.engine.jdbc.spi.SqlExceptionHelper [restartedMain] Unknown database 'rmsdb'
2019-11-11 19:31:25,159 ERROR org.springframework.boot.SpringApplication [restartedMain] Application run failed
org.springframework.beans.factory.BeanCreationException: Error creating bean with name 'entityManagerFactory' defined in class path resource [org/springframework/boot/autoconfigure/orm/jpa/HibernateJpaConfiguration.class]: Invocation of init method failed; nested exception is javax.persistence.PersistenceException: [PersistenceUnit: default] Unable to build Hibernate SessionFactory; nested exception is org.hibernate.exception.SQLGrammarException: Unable to open JDBC Connection for DDL execution
	at org.springframework.beans.factory.support.AbstractAutowireCapableBeanFactory.initializeBean(AbstractAutowireCapableBeanFactory.java:1803)
	at org.springframework.beans.factory.support.AbstractAutowireCapableBeanFactory.doCreateBean(AbstractAutowireCapableBeanFactory.java:595)
	at org.springframework.beans.factory.support.AbstractAutowireCapableBeanFactory.createBean(AbstractAutowireCapableBeanFactory.java:517)
	at org.springframework.beans.factory.support.AbstractBeanFactory.lambda$doGetBean$0(AbstractBeanFactory.java:323)
	at org.springframework.beans.factory.support.DefaultSingletonBeanRegistry.getSingleton(DefaultSingletonBeanRegistry.java:222)
	at org.springframework.beans.factory.support.AbstractBeanFactory.doGetBean(AbstractBeanFactory.java:321)
	at org.springframework.beans.factory.support.AbstractBeanFactory.getBean(AbstractBeanFactory.java:202)
	at org.springframework.context.support.AbstractApplicationContext.getBean(AbstractApplicationContext.java:1108)
	at org.springframework.context.support.AbstractApplicationContext.finishBeanFactoryInitialization(AbstractApplicationContext.java:868)
	at org.springframework.context.support.AbstractApplicationContext.refresh(AbstractApplicationContext.java:550)
	at org.springframework.boot.web.servlet.context.ServletWebServerApplicationContext.refresh(ServletWebServerApplicationContext.java:141)
	at org.springframework.boot.SpringApplication.refresh(SpringApplication.java:747)
	at org.springframework.boot.SpringApplication.refreshContext(SpringApplication.java:397)
	at org.springframework.boot.SpringApplication.run(SpringApplication.java:315)
	at org.springframework.boot.SpringApplication.run(SpringApplication.java:1226)
	at org.springframework.boot.SpringApplication.run(SpringApplication.java:1215)
	at com.cg.rms.RmsApplication.main(RmsApplication.java:10)
	at sun.reflect.NativeMethodAccessorImpl.invoke0(Native Method)
	at sun.reflect.NativeMethodAccessorImpl.invoke(Unknown Source)
	at sun.reflect.DelegatingMethodAccessorImpl.invoke(Unknown Source)
	at java.lang.reflect.Method.invoke(Unknown Source)
	at org.springframework.boot.devtools.restart.RestartLauncher.run(RestartLauncher.java:49)
Caused by: javax.persistence.PersistenceException: [PersistenceUnit: default] Unable to build Hibernate SessionFactory; nested exception is org.hibernate.exception.SQLGrammarException: Unable to open JDBC Connection for DDL execution
	at org.springframework.orm.jpa.AbstractEntityManagerFactoryBean.buildNativeEntityManagerFactory(AbstractEntityManagerFactoryBean.java:403)
	at org.springframework.orm.jpa.AbstractEntityManagerFactoryBean.afterPropertiesSet(AbstractEntityManagerFactoryBean.java:378)
	at org.springframework.orm.jpa.LocalContainerEntityManagerFactoryBean.afterPropertiesSet(LocalContainerEntityManagerFactoryBean.java:341)
	at org.springframework.beans.factory.support.AbstractAutowireCapableBeanFactory.invokeInitMethods(AbstractAutowireCapableBeanFactory.java:1862)
	at org.springframework.beans.factory.support.AbstractAutowireCapableBeanFactory.initializeBean(AbstractAutowireCapableBeanFactory.java:1799)
	... 21 common frames omitted
Caused by: org.hibernate.exception.SQLGrammarException: Unable to open JDBC Connection for DDL execution
	at org.hibernate.exception.internal.SQLExceptionTypeDelegate.convert(SQLExceptionTypeDelegate.java:63)
	at org.hibernate.exception.internal.StandardSQLExceptionConverter.convert(StandardSQLExceptionConverter.java:42)
	at org.hibernate.engine.jdbc.spi.SqlExceptionHelper.convert(SqlExceptionHelper.java:113)
	at org.hibernate.engine.jdbc.spi.SqlExceptionHelper.convert(SqlExceptionHelper.java:99)
	at org.hibernate.resource.transaction.backend.jdbc.internal.DdlTransactionIsolatorNonJtaImpl.getIsolatedConnection(DdlTransactionIsolatorNonJtaImpl.java:69)
	at org.hibernate.tool.schema.internal.exec.ImprovedExtractionContextImpl.getJdbcConnection(ImprovedExtractionContextImpl.java:60)
	at org.hibernate.tool.schema.internal.exec.ImprovedExtractionContextImpl.getJdbcDatabaseMetaData(ImprovedExtractionContextImpl.java:67)
	at org.hibernate.tool.schema.extract.internal.InformationExtractorJdbcDatabaseMetaDataImpl.getTables(InformationExtractorJdbcDatabaseMetaDataImpl.java:333)
	at org.hibernate.tool.schema.extract.internal.DatabaseInformationImpl.getTablesInformation(DatabaseInformationImpl.java:120)
	at org.hibernate.tool.schema.internal.GroupedSchemaMigratorImpl.performTablesMigration(GroupedSchemaMigratorImpl.java:65)
	at org.hibernate.tool.schema.internal.AbstractSchemaMigrator.performMigration(AbstractSchemaMigrator.java:207)
	at org.hibernate.tool.schema.internal.AbstractSchemaMigrator.doMigration(AbstractSchemaMigrator.java:114)
	at org.hibernate.tool.schema.spi.SchemaManagementToolCoordinator.performDatabaseAction(SchemaManagementToolCoordinator.java:184)
	at org.hibernate.tool.schema.spi.SchemaManagementToolCoordinator.process(SchemaManagementToolCoordinator.java:73)
	at org.hibernate.internal.SessionFactoryImpl.<init>(SessionFactoryImpl.java:320)
	at org.hibernate.boot.internal.SessionFactoryBuilderImpl.build(SessionFactoryBuilderImpl.java:462)
	at org.hibernate.jpa.boot.internal.EntityManagerFactoryBuilderImpl.build(EntityManagerFactoryBuilderImpl.java:935)
	at org.springframework.orm.jpa.vendor.SpringHibernateJpaPersistenceProvider.createContainerEntityManagerFactory(SpringHibernateJpaPersistenceProvider.java:58)
	at org.springframework.orm.jpa.LocalContainerEntityManagerFactoryBean.createNativeEntityManagerFactory(LocalContainerEntityManagerFactoryBean.java:365)
	at org.springframework.orm.jpa.AbstractEntityManagerFactoryBean.buildNativeEntityManagerFactory(AbstractEntityManagerFactoryBean.java:391)
	... 25 common frames omitted
Caused by: java.sql.SQLSyntaxErrorException: Unknown database 'rmsdb'
	at com.mysql.cj.jdbc.exceptions.SQLError.createSQLException(SQLError.java:120)
	at com.mysql.cj.jdbc.exceptions.SQLError.createSQLException(SQLError.java:97)
	at com.mysql.cj.jdbc.exceptions.SQLExceptionsMapping.translateException(SQLExceptionsMapping.java:122)
	at com.mysql.cj.jdbc.ConnectionImpl.createNewIO(ConnectionImpl.java:836)
	at com.mysql.cj.jdbc.ConnectionImpl.<init>(ConnectionImpl.java:456)
	at com.mysql.cj.jdbc.ConnectionImpl.getInstance(ConnectionImpl.java:246)
	at com.mysql.cj.jdbc.NonRegisteringDriver.connect(NonRegisteringDriver.java:199)
	at com.zaxxer.hikari.util.DriverDataSource.getConnection(DriverDataSource.java:138)
	at com.zaxxer.hikari.pool.PoolBase.newConnection(PoolBase.java:353)
	at com.zaxxer.hikari.pool.PoolBase.newPoolEntry(PoolBase.java:201)
	at com.zaxxer.hikari.pool.HikariPool.createPoolEntry(HikariPool.java:473)
	at com.zaxxer.hikari.pool.HikariPool.checkFailFast(HikariPool.java:562)
	at com.zaxxer.hikari.pool.HikariPool.<init>(HikariPool.java:115)
	at com.zaxxer.hikari.HikariDataSource.getConnection(HikariDataSource.java:112)
	at org.hibernate.engine.jdbc.connections.internal.DatasourceConnectionProviderImpl.getConnection(DatasourceConnectionProviderImpl.java:122)
	at org.hibernate.engine.jdbc.env.internal.JdbcEnvironmentInitiator$ConnectionProviderJdbcConnectionAccess.obtainConnection(JdbcEnvironmentInitiator.java:180)
	at org.hibernate.resource.transaction.backend.jdbc.internal.DdlTransactionIsolatorNonJtaImpl.getIsolatedConnection(DdlTransactionIsolatorNonJtaImpl.java:43)
	... 40 common frames omitted
2019-11-11 19:33:59,365 INFO com.cg.rms.RmsApplication [restartedMain] Starting RmsApplication on Saurabh with PID 9104 (C:\Users\saura\Documents\GitHub\PLP-Project\RMS\target\classes started by saura in C:\Users\saura\Documents\GitHub\PLP-Project\RMS)
2019-11-11 19:33:59,367 DEBUG com.cg.rms.RmsApplication [restartedMain] Running with Spring Boot v2.2.0.RELEASE, Spring v5.2.0.RELEASE
2019-11-11 19:33:59,367 INFO com.cg.rms.RmsApplication [restartedMain] The following profiles are active: production
2019-11-11 19:34:02,845 INFO com.cg.rms.RmsApplication [restartedMain] Started RmsApplication in 3.838 seconds (JVM running for 4.663)
2019-11-11 19:49:11,837 INFO com.cg.rms.RmsApplication [restartedMain] Starting RmsApplication on Saurabh with PID 9104 (C:\Users\saura\Documents\GitHub\PLP-Project\RMS\target\classes started by saura in C:\Users\saura\Documents\GitHub\PLP-Project\RMS)
2019-11-11 19:49:11,837 DEBUG com.cg.rms.RmsApplication [restartedMain] Running with Spring Boot v2.2.0.RELEASE, Spring v5.2.0.RELEASE
2019-11-11 19:49:11,837 INFO com.cg.rms.RmsApplication [restartedMain] The following profiles are active: production
2019-11-11 19:49:12,504 ERROR org.springframework.boot.SpringApplication [restartedMain] Application run failed
org.springframework.beans.factory.BeanCreationException: Error creating bean with name 'adminController' defined in file [C:\Users\saura\Documents\GitHub\PLP-Project\RMS\target\classes\com\cg\rms\dto\controller\AdminController.class]: Instantiation of bean failed; nested exception is org.springframework.beans.BeanInstantiationException: Failed to instantiate [com.cg.rms.dto.controller.AdminController]: Constructor threw exception; nested exception is java.lang.Error: Unresolved compilation problem: 
	Logger cannot be resolved to a type

	at org.springframework.beans.factory.support.AbstractAutowireCapableBeanFactory.instantiateBean(AbstractAutowireCapableBeanFactory.java:1320)
	at org.springframework.beans.factory.support.AbstractAutowireCapableBeanFactory.createBeanInstance(AbstractAutowireCapableBeanFactory.java:1214)
	at org.springframework.beans.factory.support.AbstractAutowireCapableBeanFactory.doCreateBean(AbstractAutowireCapableBeanFactory.java:557)
	at org.springframework.beans.factory.support.AbstractAutowireCapableBeanFactory.createBean(AbstractAutowireCapableBeanFactory.java:517)
	at org.springframework.beans.factory.support.AbstractBeanFactory.lambda$doGetBean$0(AbstractBeanFactory.java:323)
	at org.springframework.beans.factory.support.DefaultSingletonBeanRegistry.getSingleton(DefaultSingletonBeanRegistry.java:222)
	at org.springframework.beans.factory.support.AbstractBeanFactory.doGetBean(AbstractBeanFactory.java:321)
	at org.springframework.beans.factory.support.AbstractBeanFactory.getBean(AbstractBeanFactory.java:202)
	at org.springframework.beans.factory.support.DefaultListableBeanFactory.preInstantiateSingletons(DefaultListableBeanFactory.java:879)
	at org.springframework.context.support.AbstractApplicationContext.finishBeanFactoryInitialization(AbstractApplicationContext.java:878)
	at org.springframework.context.support.AbstractApplicationContext.refresh(AbstractApplicationContext.java:550)
	at org.springframework.boot.web.servlet.context.ServletWebServerApplicationContext.refresh(ServletWebServerApplicationContext.java:141)
	at org.springframework.boot.SpringApplication.refresh(SpringApplication.java:747)
	at org.springframework.boot.SpringApplication.refreshContext(SpringApplication.java:397)
	at org.springframework.boot.SpringApplication.run(SpringApplication.java:315)
	at org.springframework.boot.SpringApplication.run(SpringApplication.java:1226)
	at org.springframework.boot.SpringApplication.run(SpringApplication.java:1215)
	at com.cg.rms.RmsApplication.main(RmsApplication.java:10)
	at sun.reflect.NativeMethodAccessorImpl.invoke0(Native Method)
	at sun.reflect.NativeMethodAccessorImpl.invoke(Unknown Source)
	at sun.reflect.DelegatingMethodAccessorImpl.invoke(Unknown Source)
	at java.lang.reflect.Method.invoke(Unknown Source)
	at org.springframework.boot.devtools.restart.RestartLauncher.run(RestartLauncher.java:49)
Caused by: org.springframework.beans.BeanInstantiationException: Failed to instantiate [com.cg.rms.dto.controller.AdminController]: Constructor threw exception; nested exception is java.lang.Error: Unresolved compilation problem: 
	Logger cannot be resolved to a type

	at org.springframework.beans.BeanUtils.instantiateClass(BeanUtils.java:213)
	at org.springframework.beans.factory.support.SimpleInstantiationStrategy.instantiate(SimpleInstantiationStrategy.java:87)
	at org.springframework.beans.factory.support.AbstractAutowireCapableBeanFactory.instantiateBean(AbstractAutowireCapableBeanFactory.java:1312)
	... 22 common frames omitted
Caused by: java.lang.Error: Unresolved compilation problem: 
	Logger cannot be resolved to a type

	at com.cg.rms.dto.controller.AdminController.<init>(AdminController.java:22)
	at sun.reflect.NativeConstructorAccessorImpl.newInstance0(Native Method)
	at sun.reflect.NativeConstructorAccessorImpl.newInstance(Unknown Source)
	at sun.reflect.DelegatingConstructorAccessorImpl.newInstance(Unknown Source)
	at java.lang.reflect.Constructor.newInstance(Unknown Source)
	at org.springframework.beans.BeanUtils.instantiateClass(BeanUtils.java:200)
	... 24 common frames omitted
2019-11-11 19:49:19,062 INFO com.cg.rms.RmsApplication [restartedMain] Starting RmsApplication on Saurabh with PID 9104 (C:\Users\saura\Documents\GitHub\PLP-Project\RMS\target\classes started by saura in C:\Users\saura\Documents\GitHub\PLP-Project\RMS)
2019-11-11 19:49:19,063 DEBUG com.cg.rms.RmsApplication [restartedMain] Running with Spring Boot v2.2.0.RELEASE, Spring v5.2.0.RELEASE
2019-11-11 19:49:19,063 INFO com.cg.rms.RmsApplication [restartedMain] The following profiles are active: production
2019-11-11 19:49:19,892 INFO com.cg.rms.RmsApplication [restartedMain] Started RmsApplication in 0.86 seconds (JVM running for 921.71)
2019-11-11 19:49:35,023 INFO com.cg.rms.RmsApplication [restartedMain] Starting RmsApplication on Saurabh with PID 9104 (C:\Users\saura\Documents\GitHub\PLP-Project\RMS\target\classes started by saura in C:\Users\saura\Documents\GitHub\PLP-Project\RMS)
2019-11-11 19:49:35,023 DEBUG com.cg.rms.RmsApplication [restartedMain] Running with Spring Boot v2.2.0.RELEASE, Spring v5.2.0.RELEASE
2019-11-11 19:49:35,023 INFO com.cg.rms.RmsApplication [restartedMain] The following profiles are active: production
2019-11-11 19:49:35,958 INFO com.cg.rms.RmsApplication [restartedMain] Started RmsApplication in 0.965 seconds (JVM running for 937.776)
2019-11-11 19:50:57,114 INFO com.cg.rms.RmsApplication [restartedMain] Starting RmsApplication on Saurabh with PID 9104 (C:\Users\saura\Documents\GitHub\PLP-Project\RMS\target\classes started by saura in C:\Users\saura\Documents\GitHub\PLP-Project\RMS)
2019-11-11 19:50:57,115 DEBUG com.cg.rms.RmsApplication [restartedMain] Running with Spring Boot v2.2.0.RELEASE, Spring v5.2.0.RELEASE
2019-11-11 19:50:57,115 INFO com.cg.rms.RmsApplication [restartedMain] The following profiles are active: production
2019-11-11 19:50:58,048 INFO com.cg.rms.RmsApplication [restartedMain] Started RmsApplication in 0.961 seconds (JVM running for 1019.865)
2019-11-11 19:51:36,417 INFO com.cg.rms.RmsApplication [restartedMain] Starting RmsApplication on Saurabh with PID 9104 (C:\Users\saura\Documents\GitHub\PLP-Project\RMS\target\classes started by saura in C:\Users\saura\Documents\GitHub\PLP-Project\RMS)
2019-11-11 19:51:36,417 DEBUG com.cg.rms.RmsApplication [restartedMain] Running with Spring Boot v2.2.0.RELEASE, Spring v5.2.0.RELEASE
2019-11-11 19:51:36,417 INFO com.cg.rms.RmsApplication [restartedMain] The following profiles are active: production
2019-11-11 19:51:37,136 INFO com.cg.rms.RmsApplication [restartedMain] Started RmsApplication in 0.746 seconds (JVM running for 1058.953)
2019-11-11 19:51:45,002 INFO com.cg.rms.RmsApplication [restartedMain] Starting RmsApplication on Saurabh with PID 9104 (C:\Users\saura\Documents\GitHub\PLP-Project\RMS\target\classes started by saura in C:\Users\saura\Documents\GitHub\PLP-Project\RMS)
2019-11-11 19:51:45,003 DEBUG com.cg.rms.RmsApplication [restartedMain] Running with Spring Boot v2.2.0.RELEASE, Spring v5.2.0.RELEASE
2019-11-11 19:51:45,003 INFO com.cg.rms.RmsApplication [restartedMain] The following profiles are active: production
2019-11-11 19:51:45,963 INFO com.cg.rms.RmsApplication [restartedMain] Started RmsApplication in 0.991 seconds (JVM running for 1067.78)
2019-11-11 19:52:05,989 INFO com.cg.rms.RmsApplication [restartedMain] Starting RmsApplication on Saurabh with PID 9104 (C:\Users\saura\Documents\GitHub\PLP-Project\RMS\target\classes started by saura in C:\Users\saura\Documents\GitHub\PLP-Project\RMS)
2019-11-11 19:52:05,989 DEBUG com.cg.rms.RmsApplication [restartedMain] Running with Spring Boot v2.2.0.RELEASE, Spring v5.2.0.RELEASE
2019-11-11 19:52:05,989 INFO com.cg.rms.RmsApplication [restartedMain] The following profiles are active: production
2019-11-11 19:52:06,754 INFO com.cg.rms.RmsApplication [restartedMain] Started RmsApplication in 0.795 seconds (JVM running for 1088.571)
2019-11-11 19:53:07,494 INFO com.cg.rms.RmsApplication [restartedMain] Starting RmsApplication on Saurabh with PID 9104 (C:\Users\saura\Documents\GitHub\PLP-Project\RMS\target\classes started by saura in C:\Users\saura\Documents\GitHub\PLP-Project\RMS)
2019-11-11 19:53:07,494 DEBUG com.cg.rms.RmsApplication [restartedMain] Running with Spring Boot v2.2.0.RELEASE, Spring v5.2.0.RELEASE
2019-11-11 19:53:07,494 INFO com.cg.rms.RmsApplication [restartedMain] The following profiles are active: production
2019-11-11 19:53:08,439 INFO com.cg.rms.RmsApplication [restartedMain] Started RmsApplication in 0.971 seconds (JVM running for 1150.256)
2019-11-11 19:53:31,530 INFO com.cg.rms.RmsApplication [restartedMain] Starting RmsApplication on Saurabh with PID 9104 (C:\Users\saura\Documents\GitHub\PLP-Project\RMS\target\classes started by saura in C:\Users\saura\Documents\GitHub\PLP-Project\RMS)
2019-11-11 19:53:31,530 DEBUG com.cg.rms.RmsApplication [restartedMain] Running with Spring Boot v2.2.0.RELEASE, Spring v5.2.0.RELEASE
2019-11-11 19:53:31,530 INFO com.cg.rms.RmsApplication [restartedMain] The following profiles are active: production
2019-11-11 19:53:32,489 INFO com.cg.rms.RmsApplication [restartedMain] Started RmsApplication in 0.986 seconds (JVM running for 1174.306)
2019-11-11 19:53:58,667 INFO com.cg.rms.RmsApplication [restartedMain] Starting RmsApplication on Saurabh with PID 9104 (C:\Users\saura\Documents\GitHub\PLP-Project\RMS\target\classes started by saura in C:\Users\saura\Documents\GitHub\PLP-Project\RMS)
2019-11-11 19:53:58,667 DEBUG com.cg.rms.RmsApplication [restartedMain] Running with Spring Boot v2.2.0.RELEASE, Spring v5.2.0.RELEASE
2019-11-11 19:53:58,667 INFO com.cg.rms.RmsApplication [restartedMain] The following profiles are active: production
2019-11-11 19:53:59,532 INFO com.cg.rms.RmsApplication [restartedMain] Started RmsApplication in 0.892 seconds (JVM running for 1201.35)
2019-11-11 19:54:03,311 INFO com.cg.rms.RmsApplication [restartedMain] Starting RmsApplication on Saurabh with PID 9104 (C:\Users\saura\Documents\GitHub\PLP-Project\RMS\target\classes started by saura in C:\Users\saura\Documents\GitHub\PLP-Project\RMS)
2019-11-11 19:54:03,311 DEBUG com.cg.rms.RmsApplication [restartedMain] Running with Spring Boot v2.2.0.RELEASE, Spring v5.2.0.RELEASE
2019-11-11 19:54:03,311 INFO com.cg.rms.RmsApplication [restartedMain] The following profiles are active: production
2019-11-11 19:54:04,117 INFO com.cg.rms.RmsApplication [restartedMain] Started RmsApplication in 0.832 seconds (JVM running for 1205.935)
2019-11-11 19:54:28,179 INFO com.cg.rms.RmsApplication [restartedMain] Starting RmsApplication on Saurabh with PID 9104 (C:\Users\saura\Documents\GitHub\PLP-Project\RMS\target\classes started by saura in C:\Users\saura\Documents\GitHub\PLP-Project\RMS)
2019-11-11 19:54:28,179 DEBUG com.cg.rms.RmsApplication [restartedMain] Running with Spring Boot v2.2.0.RELEASE, Spring v5.2.0.RELEASE
2019-11-11 19:54:28,179 INFO com.cg.rms.RmsApplication [restartedMain] The following profiles are active: production
2019-11-11 19:54:28,882 INFO com.cg.rms.RmsApplication [restartedMain] Started RmsApplication in 0.73 seconds (JVM running for 1230.7)
2019-11-11 19:54:37,758 INFO com.cg.rms.RmsApplication [restartedMain] Starting RmsApplication on Saurabh with PID 9104 (C:\Users\saura\Documents\GitHub\PLP-Project\RMS\target\classes started by saura in C:\Users\saura\Documents\GitHub\PLP-Project\RMS)
2019-11-11 19:54:37,758 DEBUG com.cg.rms.RmsApplication [restartedMain] Running with Spring Boot v2.2.0.RELEASE, Spring v5.2.0.RELEASE
2019-11-11 19:54:37,758 INFO com.cg.rms.RmsApplication [restartedMain] The following profiles are active: production
2019-11-11 19:54:38,689 INFO com.cg.rms.RmsApplication [restartedMain] Started RmsApplication in 0.956 seconds (JVM running for 1240.506)
2019-11-11 19:55:15,091 INFO com.cg.rms.RmsApplication [restartedMain] Starting RmsApplication on Saurabh with PID 9104 (C:\Users\saura\Documents\GitHub\PLP-Project\RMS\target\classes started by saura in C:\Users\saura\Documents\GitHub\PLP-Project\RMS)
2019-11-11 19:55:15,091 DEBUG com.cg.rms.RmsApplication [restartedMain] Running with Spring Boot v2.2.0.RELEASE, Spring v5.2.0.RELEASE
2019-11-11 19:55:15,091 INFO com.cg.rms.RmsApplication [restartedMain] The following profiles are active: production
2019-11-11 19:55:16,079 INFO com.cg.rms.RmsApplication [restartedMain] Started RmsApplication in 1.016 seconds (JVM running for 1277.896)
2019-11-11 19:56:11,730 INFO com.cg.rms.RmsApplication [restartedMain] Starting RmsApplication on Saurabh with PID 9104 (C:\Users\saura\Documents\GitHub\PLP-Project\RMS\target\classes started by saura in C:\Users\saura\Documents\GitHub\PLP-Project\RMS)
2019-11-11 19:56:11,730 DEBUG com.cg.rms.RmsApplication [restartedMain] Running with Spring Boot v2.2.0.RELEASE, Spring v5.2.0.RELEASE
2019-11-11 19:56:11,730 INFO com.cg.rms.RmsApplication [restartedMain] The following profiles are active: production
2019-11-11 19:56:12,469 INFO com.cg.rms.RmsApplication [restartedMain] Started RmsApplication in 0.77 seconds (JVM running for 1334.287)
2019-11-11 19:56:47,989 INFO com.cg.rms.RmsApplication [restartedMain] Starting RmsApplication on Saurabh with PID 9104 (C:\Users\saura\Documents\GitHub\PLP-Project\RMS\target\classes started by saura in C:\Users\saura\Documents\GitHub\PLP-Project\RMS)
2019-11-11 19:56:47,989 DEBUG com.cg.rms.RmsApplication [restartedMain] Running with Spring Boot v2.2.0.RELEASE, Spring v5.2.0.RELEASE
2019-11-11 19:56:47,989 INFO com.cg.rms.RmsApplication [restartedMain] The following profiles are active: production
2019-11-11 19:56:48,858 INFO com.cg.rms.RmsApplication [restartedMain] Started RmsApplication in 0.898 seconds (JVM running for 1370.676)
2019-11-11 19:57:25,351 INFO com.cg.rms.RmsApplication [restartedMain] Starting RmsApplication on Saurabh with PID 9104 (C:\Users\saura\Documents\GitHub\PLP-Project\RMS\target\classes started by saura in C:\Users\saura\Documents\GitHub\PLP-Project\RMS)
2019-11-11 19:57:25,351 DEBUG com.cg.rms.RmsApplication [restartedMain] Running with Spring Boot v2.2.0.RELEASE, Spring v5.2.0.RELEASE
2019-11-11 19:57:25,351 INFO com.cg.rms.RmsApplication [restartedMain] The following profiles are active: production
2019-11-11 19:57:26,050 INFO com.cg.rms.RmsApplication [restartedMain] Started RmsApplication in 0.726 seconds (JVM running for 1407.867)
2019-11-11 19:57:32,916 INFO com.cg.rms.RmsApplication [restartedMain] Starting RmsApplication on Saurabh with PID 9104 (C:\Users\saura\Documents\GitHub\PLP-Project\RMS\target\classes started by saura in C:\Users\saura\Documents\GitHub\PLP-Project\RMS)
2019-11-11 19:57:32,916 DEBUG com.cg.rms.RmsApplication [restartedMain] Running with Spring Boot v2.2.0.RELEASE, Spring v5.2.0.RELEASE
2019-11-11 19:57:32,916 INFO com.cg.rms.RmsApplication [restartedMain] The following profiles are active: production
2019-11-11 19:57:33,853 INFO com.cg.rms.RmsApplication [restartedMain] Started RmsApplication in 0.963 seconds (JVM running for 1415.671)
2019-11-11 19:58:10,259 INFO com.cg.rms.RmsApplication [restartedMain] Starting RmsApplication on Saurabh with PID 9104 (C:\Users\saura\Documents\GitHub\PLP-Project\RMS\target\classes started by saura in C:\Users\saura\Documents\GitHub\PLP-Project\RMS)
2019-11-11 19:58:10,259 DEBUG com.cg.rms.RmsApplication [restartedMain] Running with Spring Boot v2.2.0.RELEASE, Spring v5.2.0.RELEASE
2019-11-11 19:58:10,259 INFO com.cg.rms.RmsApplication [restartedMain] The following profiles are active: production
2019-11-11 19:58:11,188 INFO com.cg.rms.RmsApplication [restartedMain] Started RmsApplication in 0.955 seconds (JVM running for 1453.005)
2019-11-11 19:58:22,084 INFO com.cg.rms.RmsApplication [restartedMain] Starting RmsApplication on Saurabh with PID 9104 (C:\Users\saura\Documents\GitHub\PLP-Project\RMS\target\classes started by saura in C:\Users\saura\Documents\GitHub\PLP-Project\RMS)
2019-11-11 19:58:22,084 DEBUG com.cg.rms.RmsApplication [restartedMain] Running with Spring Boot v2.2.0.RELEASE, Spring v5.2.0.RELEASE
2019-11-11 19:58:22,084 INFO com.cg.rms.RmsApplication [restartedMain] The following profiles are active: production
2019-11-11 19:58:23,024 INFO com.cg.rms.RmsApplication [restartedMain] Started RmsApplication in 0.966 seconds (JVM running for 1464.842)
2019-11-11 19:58:27,851 INFO com.cg.rms.RmsApplication [restartedMain] Starting RmsApplication on Saurabh with PID 9104 (C:\Users\saura\Documents\GitHub\PLP-Project\RMS\target\classes started by saura in C:\Users\saura\Documents\GitHub\PLP-Project\RMS)
2019-11-11 19:58:27,852 DEBUG com.cg.rms.RmsApplication [restartedMain] Running with Spring Boot v2.2.0.RELEASE, Spring v5.2.0.RELEASE
2019-11-11 19:58:27,852 INFO com.cg.rms.RmsApplication [restartedMain] The following profiles are active: production
2019-11-11 19:58:28,793 INFO com.cg.rms.RmsApplication [restartedMain] Started RmsApplication in 0.97 seconds (JVM running for 1470.611)
2019-11-11 19:58:56,979 INFO com.cg.rms.RmsApplication [restartedMain] Starting RmsApplication on Saurabh with PID 9104 (C:\Users\saura\Documents\GitHub\PLP-Project\RMS\target\classes started by saura in C:\Users\saura\Documents\GitHub\PLP-Project\RMS)
2019-11-11 19:58:56,979 DEBUG com.cg.rms.RmsApplication [restartedMain] Running with Spring Boot v2.2.0.RELEASE, Spring v5.2.0.RELEASE
2019-11-11 19:58:56,979 INFO com.cg.rms.RmsApplication [restartedMain] The following profiles are active: production
2019-11-11 19:58:57,873 INFO com.cg.rms.RmsApplication [restartedMain] Started RmsApplication in 0.921 seconds (JVM running for 1499.691)
2019-11-11 20:23:10,332 INFO com.cg.rms.RmsApplication [restartedMain] Starting RmsApplication on Saurabh with PID 9104 (C:\Users\saura\Documents\GitHub\PLP-Project\RMS\target\classes started by saura in C:\Users\saura\Documents\GitHub\PLP-Project\RMS)
2019-11-11 20:23:10,333 DEBUG com.cg.rms.RmsApplication [restartedMain] Running with Spring Boot v2.2.0.RELEASE, Spring v5.2.0.RELEASE
2019-11-11 20:23:10,333 INFO com.cg.rms.RmsApplication [restartedMain] The following profiles are active: production
2019-11-11 20:23:11,179 INFO com.cg.rms.RmsApplication [restartedMain] Started RmsApplication in 0.873 seconds (JVM running for 2952.997)
2019-11-11 20:23:31,325 INFO com.cg.rms.RmsApplication [restartedMain] Starting RmsApplication on Saurabh with PID 9104 (C:\Users\saura\Documents\GitHub\PLP-Project\RMS\target\classes started by saura in C:\Users\saura\Documents\GitHub\PLP-Project\RMS)
2019-11-11 20:23:31,325 DEBUG com.cg.rms.RmsApplication [restartedMain] Running with Spring Boot v2.2.0.RELEASE, Spring v5.2.0.RELEASE
2019-11-11 20:23:31,325 INFO com.cg.rms.RmsApplication [restartedMain] The following profiles are active: production
2019-11-11 20:23:31,852 ERROR org.springframework.boot.SpringApplication [restartedMain] Application run failed
org.springframework.beans.factory.BeanCreationException: Error creating bean with name 'adminController': Lookup method resolution failed; nested exception is java.lang.IllegalStateException: Failed to introspect Class [com.cg.rms.dto.controller.AdminController] from ClassLoader [org.springframework.boot.devtools.restart.classloader.RestartClassLoader@20187ac6]
	at org.springframework.beans.factory.annotation.AutowiredAnnotationBeanPostProcessor.determineCandidateConstructors(AutowiredAnnotationBeanPostProcessor.java:287)
	at org.springframework.beans.factory.support.AbstractAutowireCapableBeanFactory.determineConstructorsFromBeanPostProcessors(AbstractAutowireCapableBeanFactory.java:1286)
	at org.springframework.beans.factory.support.AbstractAutowireCapableBeanFactory.createBeanInstance(AbstractAutowireCapableBeanFactory.java:1201)
	at org.springframework.beans.factory.support.AbstractAutowireCapableBeanFactory.doCreateBean(AbstractAutowireCapableBeanFactory.java:557)
	at org.springframework.beans.factory.support.AbstractAutowireCapableBeanFactory.createBean(AbstractAutowireCapableBeanFactory.java:517)
	at org.springframework.beans.factory.support.AbstractBeanFactory.lambda$doGetBean$0(AbstractBeanFactory.java:323)
	at org.springframework.beans.factory.support.DefaultSingletonBeanRegistry.getSingleton(DefaultSingletonBeanRegistry.java:222)
	at org.springframework.beans.factory.support.AbstractBeanFactory.doGetBean(AbstractBeanFactory.java:321)
	at org.springframework.beans.factory.support.AbstractBeanFactory.getBean(AbstractBeanFactory.java:202)
	at org.springframework.beans.factory.support.DefaultListableBeanFactory.preInstantiateSingletons(DefaultListableBeanFactory.java:879)
	at org.springframework.context.support.AbstractApplicationContext.finishBeanFactoryInitialization(AbstractApplicationContext.java:878)
	at org.springframework.context.support.AbstractApplicationContext.refresh(AbstractApplicationContext.java:550)
	at org.springframework.boot.web.servlet.context.ServletWebServerApplicationContext.refresh(ServletWebServerApplicationContext.java:141)
	at org.springframework.boot.SpringApplication.refresh(SpringApplication.java:747)
	at org.springframework.boot.SpringApplication.refreshContext(SpringApplication.java:397)
	at org.springframework.boot.SpringApplication.run(SpringApplication.java:315)
	at org.springframework.boot.SpringApplication.run(SpringApplication.java:1226)
	at org.springframework.boot.SpringApplication.run(SpringApplication.java:1215)
	at com.cg.rms.RmsApplication.main(RmsApplication.java:10)
	at sun.reflect.NativeMethodAccessorImpl.invoke0(Native Method)
	at sun.reflect.NativeMethodAccessorImpl.invoke(Unknown Source)
	at sun.reflect.DelegatingMethodAccessorImpl.invoke(Unknown Source)
	at java.lang.reflect.Method.invoke(Unknown Source)
	at org.springframework.boot.devtools.restart.RestartLauncher.run(RestartLauncher.java:49)
Caused by: java.lang.IllegalStateException: Failed to introspect Class [com.cg.rms.dto.controller.AdminController] from ClassLoader [org.springframework.boot.devtools.restart.classloader.RestartClassLoader@20187ac6]
	at org.springframework.util.ReflectionUtils.getDeclaredMethods(ReflectionUtils.java:477)
	at org.springframework.util.ReflectionUtils.doWithLocalMethods(ReflectionUtils.java:318)
	at org.springframework.beans.factory.annotation.AutowiredAnnotationBeanPostProcessor.determineCandidateConstructors(AutowiredAnnotationBeanPostProcessor.java:265)
	... 23 common frames omitted
Caused by: java.lang.NoClassDefFoundError: Login
	at java.lang.Class.getDeclaredMethods0(Native Method)
	at java.lang.Class.privateGetDeclaredMethods(Unknown Source)
	at java.lang.Class.getDeclaredMethods(Unknown Source)
	at org.springframework.util.ReflectionUtils.getDeclaredMethods(ReflectionUtils.java:459)
	... 25 common frames omitted
Caused by: java.lang.ClassNotFoundException: Login
	at java.net.URLClassLoader.findClass(Unknown Source)
	at java.lang.ClassLoader.loadClass(Unknown Source)
	at sun.misc.Launcher$AppClassLoader.loadClass(Unknown Source)
	at java.lang.ClassLoader.loadClass(Unknown Source)
	at org.springframework.boot.devtools.restart.classloader.RestartClassLoader.loadClass(RestartClassLoader.java:144)
	at java.lang.ClassLoader.loadClass(Unknown Source)
	... 29 common frames omitted
2019-11-11 20:23:42,487 INFO com.cg.rms.RmsApplication [restartedMain] Starting RmsApplication on Saurabh with PID 9104 (C:\Users\saura\Documents\GitHub\PLP-Project\RMS\target\classes started by saura in C:\Users\saura\Documents\GitHub\PLP-Project\RMS)
2019-11-11 20:23:42,487 DEBUG com.cg.rms.RmsApplication [restartedMain] Running with Spring Boot v2.2.0.RELEASE, Spring v5.2.0.RELEASE
2019-11-11 20:23:42,487 INFO com.cg.rms.RmsApplication [restartedMain] The following profiles are active: production
2019-11-11 20:23:43,095 ERROR org.springframework.boot.SpringApplication [restartedMain] Application run failed
org.springframework.beans.factory.BeanCreationException: Error creating bean with name 'adminController': Lookup method resolution failed; nested exception is java.lang.IllegalStateException: Failed to introspect Class [com.cg.rms.dto.controller.AdminController] from ClassLoader [org.springframework.boot.devtools.restart.classloader.RestartClassLoader@774c3bcd]
	at org.springframework.beans.factory.annotation.AutowiredAnnotationBeanPostProcessor.determineCandidateConstructors(AutowiredAnnotationBeanPostProcessor.java:287)
	at org.springframework.beans.factory.support.AbstractAutowireCapableBeanFactory.determineConstructorsFromBeanPostProcessors(AbstractAutowireCapableBeanFactory.java:1286)
	at org.springframework.beans.factory.support.AbstractAutowireCapableBeanFactory.createBeanInstance(AbstractAutowireCapableBeanFactory.java:1201)
	at org.springframework.beans.factory.support.AbstractAutowireCapableBeanFactory.doCreateBean(AbstractAutowireCapableBeanFactory.java:557)
	at org.springframework.beans.factory.support.AbstractAutowireCapableBeanFactory.createBean(AbstractAutowireCapableBeanFactory.java:517)
	at org.springframework.beans.factory.support.AbstractBeanFactory.lambda$doGetBean$0(AbstractBeanFactory.java:323)
	at org.springframework.beans.factory.support.DefaultSingletonBeanRegistry.getSingleton(DefaultSingletonBeanRegistry.java:222)
	at org.springframework.beans.factory.support.AbstractBeanFactory.doGetBean(AbstractBeanFactory.java:321)
	at org.springframework.beans.factory.support.AbstractBeanFactory.getBean(AbstractBeanFactory.java:202)
	at org.springframework.beans.factory.support.DefaultListableBeanFactory.preInstantiateSingletons(DefaultListableBeanFactory.java:879)
	at org.springframework.context.support.AbstractApplicationContext.finishBeanFactoryInitialization(AbstractApplicationContext.java:878)
	at org.springframework.context.support.AbstractApplicationContext.refresh(AbstractApplicationContext.java:550)
	at org.springframework.boot.web.servlet.context.ServletWebServerApplicationContext.refresh(ServletWebServerApplicationContext.java:141)
	at org.springframework.boot.SpringApplication.refresh(SpringApplication.java:747)
	at org.springframework.boot.SpringApplication.refreshContext(SpringApplication.java:397)
	at org.springframework.boot.SpringApplication.run(SpringApplication.java:315)
	at org.springframework.boot.SpringApplication.run(SpringApplication.java:1226)
	at org.springframework.boot.SpringApplication.run(SpringApplication.java:1215)
	at com.cg.rms.RmsApplication.main(RmsApplication.java:10)
	at sun.reflect.NativeMethodAccessorImpl.invoke0(Native Method)
	at sun.reflect.NativeMethodAccessorImpl.invoke(Unknown Source)
	at sun.reflect.DelegatingMethodAccessorImpl.invoke(Unknown Source)
	at java.lang.reflect.Method.invoke(Unknown Source)
	at org.springframework.boot.devtools.restart.RestartLauncher.run(RestartLauncher.java:49)
Caused by: java.lang.IllegalStateException: Failed to introspect Class [com.cg.rms.dto.controller.AdminController] from ClassLoader [org.springframework.boot.devtools.restart.classloader.RestartClassLoader@774c3bcd]
	at org.springframework.util.ReflectionUtils.getDeclaredMethods(ReflectionUtils.java:477)
	at org.springframework.util.ReflectionUtils.doWithLocalMethods(ReflectionUtils.java:318)
	at org.springframework.beans.factory.annotation.AutowiredAnnotationBeanPostProcessor.determineCandidateConstructors(AutowiredAnnotationBeanPostProcessor.java:265)
	... 23 common frames omitted
Caused by: java.lang.NoClassDefFoundError: Login
	at java.lang.Class.getDeclaredMethods0(Native Method)
	at java.lang.Class.privateGetDeclaredMethods(Unknown Source)
	at java.lang.Class.getDeclaredMethods(Unknown Source)
	at org.springframework.util.ReflectionUtils.getDeclaredMethods(ReflectionUtils.java:459)
	... 25 common frames omitted
Caused by: java.lang.ClassNotFoundException: Login
	at java.net.URLClassLoader.findClass(Unknown Source)
	at java.lang.ClassLoader.loadClass(Unknown Source)
	at sun.misc.Launcher$AppClassLoader.loadClass(Unknown Source)
	at java.lang.ClassLoader.loadClass(Unknown Source)
	at org.springframework.boot.devtools.restart.classloader.RestartClassLoader.loadClass(RestartClassLoader.java:144)
	at java.lang.ClassLoader.loadClass(Unknown Source)
	... 29 common frames omitted
2019-11-11 20:24:35,391 INFO com.cg.rms.RmsApplication [restartedMain] Starting RmsApplication on Saurabh with PID 9104 (C:\Users\saura\Documents\GitHub\PLP-Project\RMS\target\classes started by saura in C:\Users\saura\Documents\GitHub\PLP-Project\RMS)
2019-11-11 20:24:35,391 DEBUG com.cg.rms.RmsApplication [restartedMain] Running with Spring Boot v2.2.0.RELEASE, Spring v5.2.0.RELEASE
2019-11-11 20:24:35,391 INFO com.cg.rms.RmsApplication [restartedMain] The following profiles are active: production
2019-11-11 20:24:36,057 ERROR org.springframework.boot.SpringApplication [restartedMain] Application run failed
org.springframework.beans.factory.BeanCreationException: Error creating bean with name 'adminController': Lookup method resolution failed; nested exception is java.lang.IllegalStateException: Failed to introspect Class [com.cg.rms.dto.controller.AdminController] from ClassLoader [org.springframework.boot.devtools.restart.classloader.RestartClassLoader@5602f614]
	at org.springframework.beans.factory.annotation.AutowiredAnnotationBeanPostProcessor.determineCandidateConstructors(AutowiredAnnotationBeanPostProcessor.java:287)
	at org.springframework.beans.factory.support.AbstractAutowireCapableBeanFactory.determineConstructorsFromBeanPostProcessors(AbstractAutowireCapableBeanFactory.java:1286)
	at org.springframework.beans.factory.support.AbstractAutowireCapableBeanFactory.createBeanInstance(AbstractAutowireCapableBeanFactory.java:1201)
	at org.springframework.beans.factory.support.AbstractAutowireCapableBeanFactory.doCreateBean(AbstractAutowireCapableBeanFactory.java:557)
	at org.springframework.beans.factory.support.AbstractAutowireCapableBeanFactory.createBean(AbstractAutowireCapableBeanFactory.java:517)
	at org.springframework.beans.factory.support.AbstractBeanFactory.lambda$doGetBean$0(AbstractBeanFactory.java:323)
	at org.springframework.beans.factory.support.DefaultSingletonBeanRegistry.getSingleton(DefaultSingletonBeanRegistry.java:222)
	at org.springframework.beans.factory.support.AbstractBeanFactory.doGetBean(AbstractBeanFactory.java:321)
	at org.springframework.beans.factory.support.AbstractBeanFactory.getBean(AbstractBeanFactory.java:202)
	at org.springframework.beans.factory.support.DefaultListableBeanFactory.preInstantiateSingletons(DefaultListableBeanFactory.java:879)
	at org.springframework.context.support.AbstractApplicationContext.finishBeanFactoryInitialization(AbstractApplicationContext.java:878)
	at org.springframework.context.support.AbstractApplicationContext.refresh(AbstractApplicationContext.java:550)
	at org.springframework.boot.web.servlet.context.ServletWebServerApplicationContext.refresh(ServletWebServerApplicationContext.java:141)
	at org.springframework.boot.SpringApplication.refresh(SpringApplication.java:747)
	at org.springframework.boot.SpringApplication.refreshContext(SpringApplication.java:397)
	at org.springframework.boot.SpringApplication.run(SpringApplication.java:315)
	at org.springframework.boot.SpringApplication.run(SpringApplication.java:1226)
	at org.springframework.boot.SpringApplication.run(SpringApplication.java:1215)
	at com.cg.rms.RmsApplication.main(RmsApplication.java:10)
	at sun.reflect.NativeMethodAccessorImpl.invoke0(Native Method)
	at sun.reflect.NativeMethodAccessorImpl.invoke(Unknown Source)
	at sun.reflect.DelegatingMethodAccessorImpl.invoke(Unknown Source)
	at java.lang.reflect.Method.invoke(Unknown Source)
	at org.springframework.boot.devtools.restart.RestartLauncher.run(RestartLauncher.java:49)
Caused by: java.lang.IllegalStateException: Failed to introspect Class [com.cg.rms.dto.controller.AdminController] from ClassLoader [org.springframework.boot.devtools.restart.classloader.RestartClassLoader@5602f614]
	at org.springframework.util.ReflectionUtils.getDeclaredMethods(ReflectionUtils.java:477)
	at org.springframework.util.ReflectionUtils.doWithLocalMethods(ReflectionUtils.java:318)
	at org.springframework.beans.factory.annotation.AutowiredAnnotationBeanPostProcessor.determineCandidateConstructors(AutowiredAnnotationBeanPostProcessor.java:265)
	... 23 common frames omitted
Caused by: java.lang.NoClassDefFoundError: Login
	at java.lang.Class.getDeclaredMethods0(Native Method)
	at java.lang.Class.privateGetDeclaredMethods(Unknown Source)
	at java.lang.Class.getDeclaredMethods(Unknown Source)
	at org.springframework.util.ReflectionUtils.getDeclaredMethods(ReflectionUtils.java:459)
	... 25 common frames omitted
Caused by: java.lang.ClassNotFoundException: Login
	at java.net.URLClassLoader.findClass(Unknown Source)
	at java.lang.ClassLoader.loadClass(Unknown Source)
	at sun.misc.Launcher$AppClassLoader.loadClass(Unknown Source)
	at java.lang.ClassLoader.loadClass(Unknown Source)
	at org.springframework.boot.devtools.restart.classloader.RestartClassLoader.loadClass(RestartClassLoader.java:144)
	at java.lang.ClassLoader.loadClass(Unknown Source)
	... 29 common frames omitted
2019-11-11 20:24:57,833 INFO com.cg.rms.RmsApplication [restartedMain] Starting RmsApplication on Saurabh with PID 9104 (C:\Users\saura\Documents\GitHub\PLP-Project\RMS\target\classes started by saura in C:\Users\saura\Documents\GitHub\PLP-Project\RMS)
2019-11-11 20:24:57,833 DEBUG com.cg.rms.RmsApplication [restartedMain] Running with Spring Boot v2.2.0.RELEASE, Spring v5.2.0.RELEASE
2019-11-11 20:24:57,833 INFO com.cg.rms.RmsApplication [restartedMain] The following profiles are active: production
2019-11-11 20:24:58,581 INFO com.cg.rms.RmsApplication [restartedMain] Started RmsApplication in 0.772 seconds (JVM running for 3060.398)
2019-11-11 20:59:11,668 TRACE com.cg.rms.service.CompanyServiceImpl [http-nio-9088-exec-4] Registering company
2019-11-11 20:59:11,677 TRACE com.cg.rms.dto.controller.CompanyController [http-nio-9088-exec-4] Registered company
2019-11-11 20:59:19,742 TRACE com.cg.rms.service.CompanyServiceImpl [http-nio-9088-exec-5] Registering company
2019-11-11 20:59:19,744 TRACE com.cg.rms.dto.controller.CompanyController [http-nio-9088-exec-5] Registered company
2019-11-11 20:59:44,180 TRACE com.cg.rms.service.UserServiceImpl [http-nio-9088-exec-6] Registering user in service
2019-11-11 20:59:44,182 TRACE com.cg.rms.dto.controller.UserController [http-nio-9088-exec-6] Registering company
2019-11-11 20:59:49,600 TRACE com.cg.rms.service.UserServiceImpl [http-nio-9088-exec-7] Registering user in service
2019-11-11 20:59:49,601 TRACE com.cg.rms.dto.controller.UserController [http-nio-9088-exec-7] Registering company
2019-11-11 21:00:17,752 INFO com.cg.rms.RmsApplication [restartedMain] Starting RmsApplication on Saurabh with PID 9104 (C:\Users\saura\Documents\GitHub\PLP-Project\RMS\target\classes started by saura in C:\Users\saura\Documents\GitHub\PLP-Project\RMS)
2019-11-11 21:00:17,752 DEBUG com.cg.rms.RmsApplication [restartedMain] Running with Spring Boot v2.2.0.RELEASE, Spring v5.2.0.RELEASE
2019-11-11 21:00:17,752 INFO com.cg.rms.RmsApplication [restartedMain] The following profiles are active: production
2019-11-11 21:00:18,561 INFO com.cg.rms.RmsApplication [restartedMain] Started RmsApplication in 0.836 seconds (JVM running for 5180.379)
2019-11-11 21:00:52,513 INFO com.cg.rms.RmsApplication [restartedMain] Starting RmsApplication on Saurabh with PID 9104 (C:\Users\saura\Documents\GitHub\PLP-Project\RMS\target\classes started by saura in C:\Users\saura\Documents\GitHub\PLP-Project\RMS)
2019-11-11 21:00:52,513 DEBUG com.cg.rms.RmsApplication [restartedMain] Running with Spring Boot v2.2.0.RELEASE, Spring v5.2.0.RELEASE
2019-11-11 21:00:52,513 INFO com.cg.rms.RmsApplication [restartedMain] The following profiles are active: production
2019-11-11 21:00:53,236 INFO com.cg.rms.RmsApplication [restartedMain] Started RmsApplication in 0.749 seconds (JVM running for 5215.054)
2019-11-11 21:00:56,990 INFO com.cg.rms.RmsApplication [restartedMain] Starting RmsApplication on Saurabh with PID 9104 (C:\Users\saura\Documents\GitHub\PLP-Project\RMS\target\classes started by saura in C:\Users\saura\Documents\GitHub\PLP-Project\RMS)
2019-11-11 21:00:56,990 DEBUG com.cg.rms.RmsApplication [restartedMain] Running with Spring Boot v2.2.0.RELEASE, Spring v5.2.0.RELEASE
2019-11-11 21:00:56,990 INFO com.cg.rms.RmsApplication [restartedMain] The following profiles are active: production
2019-11-11 21:00:57,569 ERROR org.springframework.boot.SpringApplication [restartedMain] Application run failed
org.springframework.beans.factory.BeanCreationException: Error creating bean with name 'adminController': Lookup method resolution failed; nested exception is java.lang.IllegalStateException: Failed to introspect Class [com.cg.rms.dto.controller.AdminController] from ClassLoader [org.springframework.boot.devtools.restart.classloader.RestartClassLoader@15e26d11]
	at org.springframework.beans.factory.annotation.AutowiredAnnotationBeanPostProcessor.determineCandidateConstructors(AutowiredAnnotationBeanPostProcessor.java:287)
	at org.springframework.beans.factory.support.AbstractAutowireCapableBeanFactory.determineConstructorsFromBeanPostProcessors(AbstractAutowireCapableBeanFactory.java:1286)
	at org.springframework.beans.factory.support.AbstractAutowireCapableBeanFactory.createBeanInstance(AbstractAutowireCapableBeanFactory.java:1201)
	at org.springframework.beans.factory.support.AbstractAutowireCapableBeanFactory.doCreateBean(AbstractAutowireCapableBeanFactory.java:557)
	at org.springframework.beans.factory.support.AbstractAutowireCapableBeanFactory.createBean(AbstractAutowireCapableBeanFactory.java:517)
	at org.springframework.beans.factory.support.AbstractBeanFactory.lambda$doGetBean$0(AbstractBeanFactory.java:323)
	at org.springframework.beans.factory.support.DefaultSingletonBeanRegistry.getSingleton(DefaultSingletonBeanRegistry.java:222)
	at org.springframework.beans.factory.support.AbstractBeanFactory.doGetBean(AbstractBeanFactory.java:321)
	at org.springframework.beans.factory.support.AbstractBeanFactory.getBean(AbstractBeanFactory.java:202)
	at org.springframework.beans.factory.support.DefaultListableBeanFactory.preInstantiateSingletons(DefaultListableBeanFactory.java:879)
	at org.springframework.context.support.AbstractApplicationContext.finishBeanFactoryInitialization(AbstractApplicationContext.java:878)
	at org.springframework.context.support.AbstractApplicationContext.refresh(AbstractApplicationContext.java:550)
	at org.springframework.boot.web.servlet.context.ServletWebServerApplicationContext.refresh(ServletWebServerApplicationContext.java:141)
	at org.springframework.boot.SpringApplication.refresh(SpringApplication.java:747)
	at org.springframework.boot.SpringApplication.refreshContext(SpringApplication.java:397)
	at org.springframework.boot.SpringApplication.run(SpringApplication.java:315)
	at org.springframework.boot.SpringApplication.run(SpringApplication.java:1226)
	at org.springframework.boot.SpringApplication.run(SpringApplication.java:1215)
	at com.cg.rms.RmsApplication.main(RmsApplication.java:10)
	at sun.reflect.NativeMethodAccessorImpl.invoke0(Native Method)
	at sun.reflect.NativeMethodAccessorImpl.invoke(Unknown Source)
	at sun.reflect.DelegatingMethodAccessorImpl.invoke(Unknown Source)
	at java.lang.reflect.Method.invoke(Unknown Source)
	at org.springframework.boot.devtools.restart.RestartLauncher.run(RestartLauncher.java:49)
Caused by: java.lang.IllegalStateException: Failed to introspect Class [com.cg.rms.dto.controller.AdminController] from ClassLoader [org.springframework.boot.devtools.restart.classloader.RestartClassLoader@15e26d11]
	at org.springframework.util.ReflectionUtils.getDeclaredMethods(ReflectionUtils.java:477)
	at org.springframework.util.ReflectionUtils.doWithLocalMethods(ReflectionUtils.java:318)
	at org.springframework.beans.factory.annotation.AutowiredAnnotationBeanPostProcessor.determineCandidateConstructors(AutowiredAnnotationBeanPostProcessor.java:265)
	... 23 common frames omitted
Caused by: java.lang.NoClassDefFoundError: Login
	at java.lang.Class.getDeclaredMethods0(Native Method)
	at java.lang.Class.privateGetDeclaredMethods(Unknown Source)
	at java.lang.Class.getDeclaredMethods(Unknown Source)
	at org.springframework.util.ReflectionUtils.getDeclaredMethods(ReflectionUtils.java:459)
	... 25 common frames omitted
Caused by: java.lang.ClassNotFoundException: Login
	at java.net.URLClassLoader.findClass(Unknown Source)
	at java.lang.ClassLoader.loadClass(Unknown Source)
	at sun.misc.Launcher$AppClassLoader.loadClass(Unknown Source)
	at java.lang.ClassLoader.loadClass(Unknown Source)
	at org.springframework.boot.devtools.restart.classloader.RestartClassLoader.loadClass(RestartClassLoader.java:144)
	at java.lang.ClassLoader.loadClass(Unknown Source)
	... 29 common frames omitted
2019-11-11 21:01:12,173 INFO com.cg.rms.RmsApplication [restartedMain] Starting RmsApplication on Saurabh with PID 9104 (C:\Users\saura\Documents\GitHub\PLP-Project\RMS\target\classes started by saura in C:\Users\saura\Documents\GitHub\PLP-Project\RMS)
2019-11-11 21:01:12,173 DEBUG com.cg.rms.RmsApplication [restartedMain] Running with Spring Boot v2.2.0.RELEASE, Spring v5.2.0.RELEASE
2019-11-11 21:01:12,173 INFO com.cg.rms.RmsApplication [restartedMain] The following profiles are active: production
2019-11-11 21:01:13,169 INFO com.cg.rms.RmsApplication [restartedMain] Started RmsApplication in 1.025 seconds (JVM running for 5234.986)
2019-11-11 21:02:10,499 TRACE com.cg.rms.dto.controller.AdminController [http-nio-9088-exec-2] Checking if credentials are valid
2019-11-11 21:02:27,738 TRACE com.cg.rms.dto.controller.AdminController [http-nio-9088-exec-3] Checking if credentials are valid
2019-11-11 21:08:51,345 TRACE com.cg.rms.service.UserServiceImpl [http-nio-9088-exec-6] Registering user in service
2019-11-11 21:08:51,346 TRACE com.cg.rms.dto.controller.UserController [http-nio-9088-exec-6] Registering company
2019-11-11 21:10:49,310 INFO com.cg.rms.RmsApplication [restartedMain] Starting RmsApplication on Saurabh with PID 9104 (C:\Users\saura\Documents\GitHub\PLP-Project\RMS\target\classes started by saura in C:\Users\saura\Documents\GitHub\PLP-Project\RMS)
2019-11-11 21:10:49,310 DEBUG com.cg.rms.RmsApplication [restartedMain] Running with Spring Boot v2.2.0.RELEASE, Spring v5.2.0.RELEASE
2019-11-11 21:10:49,310 INFO com.cg.rms.RmsApplication [restartedMain] The following profiles are active: production
2019-11-11 21:10:50,179 INFO com.cg.rms.RmsApplication [restartedMain] Started RmsApplication in 0.897 seconds (JVM running for 5811.997)
2019-11-11 21:10:58,084 INFO com.cg.rms.RmsApplication [restartedMain] Starting RmsApplication on Saurabh with PID 9104 (C:\Users\saura\Documents\GitHub\PLP-Project\RMS\target\classes started by saura in C:\Users\saura\Documents\GitHub\PLP-Project\RMS)
2019-11-11 21:10:58,084 DEBUG com.cg.rms.RmsApplication [restartedMain] Running with Spring Boot v2.2.0.RELEASE, Spring v5.2.0.RELEASE
2019-11-11 21:10:58,084 INFO com.cg.rms.RmsApplication [restartedMain] The following profiles are active: production
2019-11-11 21:10:58,911 INFO com.cg.rms.RmsApplication [restartedMain] Started RmsApplication in 0.855 seconds (JVM running for 5820.729)
2019-11-11 21:11:06,820 INFO com.cg.rms.RmsApplication [restartedMain] Starting RmsApplication on Saurabh with PID 9104 (C:\Users\saura\Documents\GitHub\PLP-Project\RMS\target\classes started by saura in C:\Users\saura\Documents\GitHub\PLP-Project\RMS)
2019-11-11 21:11:06,820 DEBUG com.cg.rms.RmsApplication [restartedMain] Running with Spring Boot v2.2.0.RELEASE, Spring v5.2.0.RELEASE
2019-11-11 21:11:06,820 INFO com.cg.rms.RmsApplication [restartedMain] The following profiles are active: production
2019-11-11 21:11:07,772 INFO com.cg.rms.RmsApplication [restartedMain] Started RmsApplication in 0.978 seconds (JVM running for 5829.59)
2019-11-11 21:11:17,699 INFO com.cg.rms.RmsApplication [restartedMain] Starting RmsApplication on Saurabh with PID 9104 (C:\Users\saura\Documents\GitHub\PLP-Project\RMS\target\classes started by saura in C:\Users\saura\Documents\GitHub\PLP-Project\RMS)
2019-11-11 21:11:17,699 DEBUG com.cg.rms.RmsApplication [restartedMain] Running with Spring Boot v2.2.0.RELEASE, Spring v5.2.0.RELEASE
2019-11-11 21:11:17,699 INFO com.cg.rms.RmsApplication [restartedMain] The following profiles are active: production
2019-11-11 21:11:18,381 INFO com.cg.rms.RmsApplication [restartedMain] Started RmsApplication in 0.707 seconds (JVM running for 5840.199)
2019-11-11 21:11:41,450 INFO com.cg.rms.RmsApplication [restartedMain] Starting RmsApplication on Saurabh with PID 9104 (C:\Users\saura\Documents\GitHub\PLP-Project\RMS\target\classes started by saura in C:\Users\saura\Documents\GitHub\PLP-Project\RMS)
2019-11-11 21:11:41,450 DEBUG com.cg.rms.RmsApplication [restartedMain] Running with Spring Boot v2.2.0.RELEASE, Spring v5.2.0.RELEASE
2019-11-11 21:11:41,450 INFO com.cg.rms.RmsApplication [restartedMain] The following profiles are active: production
2019-11-11 21:11:42,286 INFO com.cg.rms.RmsApplication [restartedMain] Started RmsApplication in 0.861 seconds (JVM running for 5864.104)
2019-11-11 21:11:57,283 INFO com.cg.rms.RmsApplication [restartedMain] Starting RmsApplication on Saurabh with PID 9104 (C:\Users\saura\Documents\GitHub\PLP-Project\RMS\target\classes started by saura in C:\Users\saura\Documents\GitHub\PLP-Project\RMS)
2019-11-11 21:11:57,283 DEBUG com.cg.rms.RmsApplication [restartedMain] Running with Spring Boot v2.2.0.RELEASE, Spring v5.2.0.RELEASE
2019-11-11 21:11:57,283 INFO com.cg.rms.RmsApplication [restartedMain] The following profiles are active: production
2019-11-11 21:11:58,271 INFO com.cg.rms.RmsApplication [restartedMain] Started RmsApplication in 1.013 seconds (JVM running for 5880.089)
2019-11-11 21:12:07,183 INFO com.cg.rms.RmsApplication [restartedMain] Starting RmsApplication on Saurabh with PID 9104 (C:\Users\saura\Documents\GitHub\PLP-Project\RMS\target\classes started by saura in C:\Users\saura\Documents\GitHub\PLP-Project\RMS)
2019-11-11 21:12:07,183 DEBUG com.cg.rms.RmsApplication [restartedMain] Running with Spring Boot v2.2.0.RELEASE, Spring v5.2.0.RELEASE
2019-11-11 21:12:07,183 INFO com.cg.rms.RmsApplication [restartedMain] The following profiles are active: production
2019-11-11 21:12:08,011 INFO com.cg.rms.RmsApplication [restartedMain] Started RmsApplication in 0.854 seconds (JVM running for 5889.829)
2019-11-11 21:12:12,820 ERROR com.cg.rms.dto.controller.UserController [http-nio-9088-exec-2] Caught validation exception in company/register Controller
2019-11-11 21:12:50,272 ERROR com.cg.rms.dto.controller.UserController [http-nio-9088-exec-5] Caught validation exception in company/register Controller
2019-11-11 21:13:12,860 TRACE com.cg.rms.service.UserServiceImpl [http-nio-9088-exec-6] Registering user in service
2019-11-11 21:13:12,862 TRACE com.cg.rms.dto.controller.UserController [http-nio-9088-exec-6] Registering company
2019-11-11 21:14:27,149 INFO com.cg.rms.RmsApplication [restartedMain] Starting RmsApplication on Saurabh with PID 9104 (C:\Users\saura\Documents\GitHub\PLP-Project\RMS\target\classes started by saura in C:\Users\saura\Documents\GitHub\PLP-Project\RMS)
2019-11-11 21:14:27,149 DEBUG com.cg.rms.RmsApplication [restartedMain] Running with Spring Boot v2.2.0.RELEASE, Spring v5.2.0.RELEASE
2019-11-11 21:14:27,149 INFO com.cg.rms.RmsApplication [restartedMain] The following profiles are active: production
2019-11-11 21:14:27,917 INFO com.cg.rms.RmsApplication [restartedMain] Started RmsApplication in 0.793 seconds (JVM running for 6029.735)
2019-11-11 21:14:56,151 INFO com.cg.rms.RmsApplication [restartedMain] Starting RmsApplication on Saurabh with PID 9104 (C:\Users\saura\Documents\GitHub\PLP-Project\RMS\target\classes started by saura in C:\Users\saura\Documents\GitHub\PLP-Project\RMS)
2019-11-11 21:14:56,151 DEBUG com.cg.rms.RmsApplication [restartedMain] Running with Spring Boot v2.2.0.RELEASE, Spring v5.2.0.RELEASE
2019-11-11 21:14:56,151 INFO com.cg.rms.RmsApplication [restartedMain] The following profiles are active: production
2019-11-11 21:14:57,087 INFO com.cg.rms.RmsApplication [restartedMain] Started RmsApplication in 0.961 seconds (JVM running for 6058.905)
2019-11-11 21:15:23,245 TRACE com.cg.rms.dto.controller.CompanyController [http-nio-9088-exec-2] Checking if credentials are valid
2019-11-11 21:17:10,135 TRACE com.cg.rms.dto.controller.CompanyController [http-nio-9088-exec-4] Checking if credentials are valid
2019-11-11 21:17:10,152 ERROR com.cg.rms.dto.controller.CompanyController [http-nio-9088-exec-4] Invalid credentials
2019-11-11 21:18:18,166 INFO com.cg.rms.RmsApplication [restartedMain] Starting RmsApplication on Saurabh with PID 9104 (C:\Users\saura\Documents\GitHub\PLP-Project\RMS\target\classes started by saura in C:\Users\saura\Documents\GitHub\PLP-Project\RMS)
2019-11-11 21:18:18,166 DEBUG com.cg.rms.RmsApplication [restartedMain] Running with Spring Boot v2.2.0.RELEASE, Spring v5.2.0.RELEASE
2019-11-11 21:18:18,166 INFO com.cg.rms.RmsApplication [restartedMain] The following profiles are active: production
2019-11-11 21:18:19,120 INFO com.cg.rms.RmsApplication [restartedMain] Started RmsApplication in 0.98 seconds (JVM running for 6260.938)
2019-11-11 21:18:25,336 INFO com.cg.rms.RmsApplication [restartedMain] Starting RmsApplication on Saurabh with PID 9104 (C:\Users\saura\Documents\GitHub\PLP-Project\RMS\target\classes started by saura in C:\Users\saura\Documents\GitHub\PLP-Project\RMS)
2019-11-11 21:18:25,337 DEBUG com.cg.rms.RmsApplication [restartedMain] Running with Spring Boot v2.2.0.RELEASE, Spring v5.2.0.RELEASE
2019-11-11 21:18:25,337 INFO com.cg.rms.RmsApplication [restartedMain] The following profiles are active: production
2019-11-11 21:18:26,056 INFO com.cg.rms.RmsApplication [restartedMain] Started RmsApplication in 0.746 seconds (JVM running for 6267.874)
2019-11-11 21:18:31,208 TRACE com.cg.rms.service.UserServiceImpl [http-nio-9088-exec-2] Registering user in service
2019-11-11 21:18:31,210 TRACE com.cg.rms.dto.controller.UserController [http-nio-9088-exec-2] Registering company
2019-11-11 21:18:55,940 TRACE com.cg.rms.dto.controller.CompanyController [http-nio-9088-exec-3] Checking if credentials are valid
2019-11-11 21:46:40,220 INFO com.cg.rms.RmsApplication [restartedMain] Starting RmsApplication on Saurabh with PID 9104 (C:\Users\saura\Documents\GitHub\PLP-Project\RMS\target\classes started by saura in C:\Users\saura\Documents\GitHub\PLP-Project\RMS)
2019-11-11 21:46:40,220 DEBUG com.cg.rms.RmsApplication [restartedMain] Running with Spring Boot v2.2.0.RELEASE, Spring v5.2.0.RELEASE
2019-11-11 21:46:40,220 INFO com.cg.rms.RmsApplication [restartedMain] The following profiles are active: production
2019-11-11 21:46:41,160 INFO com.cg.rms.RmsApplication [restartedMain] Started RmsApplication in 0.966 seconds (JVM running for 7965.619)
