2019-11-12 05:44:38,291 INFO com.cg.rms.RmsApplication [restartedMain] Starting RmsApplication on Saurabh with PID 18300 (C:\Users\saura\Documents\GitHub\PLP-Project\RMS\target\classes started by saura in C:\Users\saura\Documents\GitHub\PLP-Project\RMS)
2019-11-12 05:44:38,308 DEBUG com.cg.rms.RmsApplication [restartedMain] Running with Spring Boot v2.2.0.RELEASE, Spring v5.2.0.RELEASE
2019-11-12 05:44:38,308 INFO com.cg.rms.RmsApplication [restartedMain] The following profiles are active: production
2019-11-12 05:44:48,400 INFO com.cg.rms.RmsApplication [restartedMain] Started RmsApplication in 11.129 seconds (JVM running for 13.669)
2019-11-12 05:50:24,547 TRACE com.cg.rms.service.CompanyServiceImpl [http-nio-9088-exec-2] Found Company with Id: 2
2019-11-12 05:50:24,686 TRACE com.cg.rms.service.CompanyServiceImpl [http-nio-9088-exec-2] Adding job
2019-11-12 05:50:24,710 TRACE com.cg.rms.dto.controller.CompanyController [http-nio-9088-exec-2] Added job
2019-11-12 06:00:35,255 INFO com.cg.rms.RmsApplication [restartedMain] Starting RmsApplication on Saurabh with PID 18300 (C:\Users\saura\Documents\GitHub\PLP-Project\RMS\target\classes started by saura in C:\Users\saura\Documents\GitHub\PLP-Project\RMS)
2019-11-12 06:00:35,255 DEBUG com.cg.rms.RmsApplication [restartedMain] Running with Spring Boot v2.2.0.RELEASE, Spring v5.2.0.RELEASE
2019-11-12 06:00:35,255 INFO com.cg.rms.RmsApplication [restartedMain] The following profiles are active: production
2019-11-12 06:00:37,705 INFO com.cg.rms.RmsApplication [restartedMain] Started RmsApplication in 2.556 seconds (JVM running for 962.977)
2019-11-12 06:41:49,994 TRACE com.cg.rms.service.UserServiceImpl [http-nio-9088-exec-1] Getting jobList
2019-11-12 06:42:19,891 ERROR com.cg.rms.service.UserServiceImpl [http-nio-9088-exec-2] No jobs found
2019-11-12 06:42:19,895 ERROR com.cg.rms.dto.controller.UserController [http-nio-9088-exec-2] Exception in company/searchbyexperience
2019-11-12 06:42:48,232 TRACE com.cg.rms.service.UserServiceImpl [http-nio-9088-exec-3] Getting jobList
2019-11-12 06:42:51,164 TRACE com.cg.rms.service.UserServiceImpl [http-nio-9088-exec-4] Getting jobList
2019-11-12 06:43:03,758 TRACE com.cg.rms.service.UserServiceImpl [http-nio-9088-exec-5] Getting jobList
2019-11-12 06:43:05,667 TRACE com.cg.rms.service.UserServiceImpl [http-nio-9088-exec-6] Getting jobList
2019-11-12 06:43:20,221 TRACE com.cg.rms.service.UserServiceImpl [http-nio-9088-exec-7] Getting jobList
2019-11-12 06:43:25,981 TRACE com.cg.rms.service.UserServiceImpl [http-nio-9088-exec-8] Getting jobList
2019-11-12 06:43:33,838 TRACE com.cg.rms.service.UserServiceImpl [http-nio-9088-exec-9] Getting jobList
2019-11-12 06:44:25,904 TRACE com.cg.rms.service.UserServiceImpl [http-nio-9088-exec-10] Getting jobList
2019-11-12 06:44:27,737 TRACE com.cg.rms.service.UserServiceImpl [http-nio-9088-exec-1] Getting jobList
2019-11-12 06:44:27,953 TRACE com.cg.rms.service.UserServiceImpl [http-nio-9088-exec-2] Getting jobList
2019-11-12 06:44:28,780 TRACE com.cg.rms.service.UserServiceImpl [http-nio-9088-exec-3] Getting jobList
2019-11-12 06:44:28,988 TRACE com.cg.rms.service.UserServiceImpl [http-nio-9088-exec-4] Getting jobList
2019-11-12 06:44:43,369 TRACE com.cg.rms.service.UserServiceImpl [http-nio-9088-exec-5] Getting jobList
2019-11-12 06:49:08,709 TRACE com.cg.rms.service.UserServiceImpl [http-nio-9088-exec-7] Getting jobList
2019-11-12 06:49:25,619 TRACE com.cg.rms.service.UserServiceImpl [http-nio-9088-exec-8] Getting jobList
2019-11-12 06:49:28,398 TRACE com.cg.rms.service.UserServiceImpl [http-nio-9088-exec-9] Getting jobList
2019-11-12 06:49:30,205 TRACE com.cg.rms.service.UserServiceImpl [http-nio-9088-exec-10] Getting jobList
